[1.333s] Invoking command in '/home/sam/MR_Project/src/my_simulation_pkg': PYTHONPATH=/home/sam/MR_Project/build/my_simulation_pkg/prefix_override:/usr/lib/python3/dist-packages/colcon_core/task/python/colcon_distutils_commands:/home/sam/MR_Project/install/my_simulation_pkg/lib/python3.10/site-packages:${PYTHONPATH} /usr/bin/python3 -W ignore:setup.py install is deprecated -W ignore:easy_install command is deprecated setup.py egg_info --egg-base ../../build/my_simulation_pkg build --build-base /home/sam/MR_Project/build/my_simulation_pkg/build install --record /home/sam/MR_Project/build/my_simulation_pkg/install.log --single-version-externally-managed install_data
[1.581s] running egg_info
[1.583s] creating ../../build/my_simulation_pkg/my_simulation_pkg.egg-info
[1.583s] writing ../../build/my_simulation_pkg/my_simulation_pkg.egg-info/PKG-INFO
[1.583s] writing dependency_links to ../../build/my_simulation_pkg/my_simulation_pkg.egg-info/dependency_links.txt
[1.583s] writing entry points to ../../build/my_simulation_pkg/my_simulation_pkg.egg-info/entry_points.txt
[1.583s] writing requirements to ../../build/my_simulation_pkg/my_simulation_pkg.egg-info/requires.txt
[1.583s] writing top-level names to ../../build/my_simulation_pkg/my_simulation_pkg.egg-info/top_level.txt
[1.584s] writing manifest file '../../build/my_simulation_pkg/my_simulation_pkg.egg-info/SOURCES.txt'
[1.593s] reading manifest file '../../build/my_simulation_pkg/my_simulation_pkg.egg-info/SOURCES.txt'
[1.593s] writing manifest file '../../build/my_simulation_pkg/my_simulation_pkg.egg-info/SOURCES.txt'
[1.593s] running build
[1.593s] running build_py
[1.593s] creating /home/sam/MR_Project/build/my_simulation_pkg/build
[1.593s] creating /home/sam/MR_Project/build/my_simulation_pkg/build/lib
[1.593s] creating /home/sam/MR_Project/build/my_simulation_pkg/build/lib/my_simulation_pkg
[1.593s] copying my_simulation_pkg/__init__.py -> /home/sam/MR_Project/build/my_simulation_pkg/build/lib/my_simulation_pkg
[1.593s] running install
[1.598s] running install_lib
[1.599s] creating /home/sam/MR_Project/install/my_simulation_pkg/lib/python3.10/site-packages/my_simulation_pkg
[1.599s] copying /home/sam/MR_Project/build/my_simulation_pkg/build/lib/my_simulation_pkg/__init__.py -> /home/sam/MR_Project/install/my_simulation_pkg/lib/python3.10/site-packages/my_simulation_pkg
[1.599s] byte-compiling /home/sam/MR_Project/install/my_simulation_pkg/lib/python3.10/site-packages/my_simulation_pkg/__init__.py to __init__.cpython-310.pyc
[1.608s] running install_data
[1.608s] creating /home/sam/MR_Project/install/my_simulation_pkg/share/ament_index
[1.608s] creating /home/sam/MR_Project/install/my_simulation_pkg/share/ament_index/resource_index
[1.608s] creating /home/sam/MR_Project/install/my_simulation_pkg/share/ament_index/resource_index/packages
[1.608s] copying resource/my_simulation_pkg -> /home/sam/MR_Project/install/my_simulation_pkg/share/ament_index/resource_index/packages
[1.608s] copying package.xml -> /home/sam/MR_Project/install/my_simulation_pkg/share/my_simulation_pkg
[1.608s] running install_egg_info
[1.608s] Copying ../../build/my_simulation_pkg/my_simulation_pkg.egg-info to /home/sam/MR_Project/install/my_simulation_pkg/lib/python3.10/site-packages/my_simulation_pkg-0.0.0-py3.10.egg-info
[1.609s] running install_scripts
[1.630s] writing list of installed files to '/home/sam/MR_Project/build/my_simulation_pkg/install.log'
[1.652s] Invoked command in '/home/sam/MR_Project/src/my_simulation_pkg' returned '0': PYTHONPATH=/home/sam/MR_Project/build/my_simulation_pkg/prefix_override:/usr/lib/python3/dist-packages/colcon_core/task/python/colcon_distutils_commands:/home/sam/MR_Project/install/my_simulation_pkg/lib/python3.10/site-packages:${PYTHONPATH} /usr/bin/python3 -W ignore:setup.py install is deprecated -W ignore:easy_install command is deprecated setup.py egg_info --egg-base ../../build/my_simulation_pkg build --build-base /home/sam/MR_Project/build/my_simulation_pkg/build install --record /home/sam/MR_Project/build/my_simulation_pkg/install.log --single-version-externally-managed install_data
