[0.824s] Invoking command in '/home/sam/MR_Project/src/my_simulation_pkg': PYTHONPATH=/home/sam/MR_Project/build/my_simulation_pkg/prefix_override:/usr/lib/python3/dist-packages/colcon_core/task/python/colcon_distutils_commands:/home/sam/MR_Project/install/my_simulation_pkg/lib/python3.10/site-packages:${PYTHONPATH} /usr/bin/python3 -W ignore:setup.py install is deprecated -W ignore:easy_install command is deprecated setup.py egg_info --egg-base ../../build/my_simulation_pkg build --build-base /home/sam/MR_Project/build/my_simulation_pkg/build install --record /home/sam/MR_Project/build/my_simulation_pkg/install.log --single-version-externally-managed install_data
[1.096s] running egg_info
[1.097s] writing ../../build/my_simulation_pkg/my_simulation_pkg.egg-info/PKG-INFO
[1.098s] writing dependency_links to ../../build/my_simulation_pkg/my_simulation_pkg.egg-info/dependency_links.txt
[1.099s] writing entry points to ../../build/my_simulation_pkg/my_simulation_pkg.egg-info/entry_points.txt
[1.099s] writing requirements to ../../build/my_simulation_pkg/my_simulation_pkg.egg-info/requires.txt
[1.099s] writing top-level names to ../../build/my_simulation_pkg/my_simulation_pkg.egg-info/top_level.txt
[1.102s] reading manifest file '../../build/my_simulation_pkg/my_simulation_pkg.egg-info/SOURCES.txt'
[1.103s] writing manifest file '../../build/my_simulation_pkg/my_simulation_pkg.egg-info/SOURCES.txt'
[1.103s] running build
[1.103s] running build_py
[1.105s] running install
[1.105s] running install_lib
[1.107s] running install_data
[1.107s] running install_egg_info
[1.108s] removing '/home/sam/MR_Project/install/my_simulation_pkg/lib/python3.10/site-packages/my_simulation_pkg-0.0.0-py3.10.egg-info' (and everything under it)
[1.109s] Copying ../../build/my_simulation_pkg/my_simulation_pkg.egg-info to /home/sam/MR_Project/install/my_simulation_pkg/lib/python3.10/site-packages/my_simulation_pkg-0.0.0-py3.10.egg-info
[1.110s] running install_scripts
[1.130s] writing list of installed files to '/home/sam/MR_Project/build/my_simulation_pkg/install.log'
[1.156s] Invoked command in '/home/sam/MR_Project/src/my_simulation_pkg' returned '0': PYTHONPATH=/home/sam/MR_Project/build/my_simulation_pkg/prefix_override:/usr/lib/python3/dist-packages/colcon_core/task/python/colcon_distutils_commands:/home/sam/MR_Project/install/my_simulation_pkg/lib/python3.10/site-packages:${PYTHONPATH} /usr/bin/python3 -W ignore:setup.py install is deprecated -W ignore:easy_install command is deprecated setup.py egg_info --egg-base ../../build/my_simulation_pkg build --build-base /home/sam/MR_Project/build/my_simulation_pkg/build install --record /home/sam/MR_Project/build/my_simulation_pkg/install.log --single-version-externally-managed install_data
