[0.138s] DEBUG:colcon:Command line arguments: ['/usr/bin/colcon', 'build']
[0.138s] DEBUG:colcon:Parsed command line arguments: Namespace(log_base=None, log_level=None, verb_name='build', build_base='build', install_base='install', merge_install=False, symlink_install=False, test_result_base=None, continue_on_error=False, executor='parallel', parallel_workers=6, event_handlers=None, ignore_user_meta=False, metas=['./colcon.meta'], base_paths=['.'], packages_ignore=None, packages_ignore_regex=None, paths=None, packages_up_to=None, packages_up_to_regex=None, packages_above=None, packages_above_and_dependencies=None, packages_above_depth=None, packages_select_by_dep=None, packages_skip_by_dep=None, packages_skip_up_to=None, packages_select_build_failed=False, packages_skip_build_finished=False, packages_select_test_failures=False, packages_skip_test_passed=False, packages_select=None, packages_skip=None, packages_select_regex=None, packages_skip_regex=None, packages_start=None, packages_end=None, allow_overriding=[], cmake_args=None, cmake_target=None, cmake_target_skip_unavailable=False, cmake_clean_cache=False, cmake_clean_first=False, cmake_force_configure=False, ament_cmake_args=None, catkin_cmake_args=None, catkin_skip_building_tests=False, mixin_files=None, mixin=None, verb_parser=<colcon_mixin.mixin.mixin_argument.MixinArgumentDecorator object at 0x7fa85de4e530>, verb_extension=<colcon_core.verb.build.BuildVerb object at 0x7fa85df4f4f0>, main=<bound method BuildVerb.main of <colcon_core.verb.build.BuildVerb object at 0x7fa85df4f4f0>>, mixin_verb=('build',))
[0.320s] Level 1:colcon.colcon_core.package_discovery:discover_packages(colcon_meta) check parameters
[0.320s] Level 1:colcon.colcon_core.package_discovery:discover_packages(recursive) check parameters
[0.320s] Level 1:colcon.colcon_core.package_discovery:discover_packages(ignore) check parameters
[0.320s] Level 1:colcon.colcon_core.package_discovery:discover_packages(path) check parameters
[0.320s] Level 1:colcon.colcon_core.package_discovery:discover_packages(colcon_meta) discover
[0.320s] Level 1:colcon.colcon_core.package_discovery:discover_packages(recursive) discover
[0.320s] INFO:colcon.colcon_core.package_discovery:Crawling recursively for packages in '/home/sam/MR_Project'
[0.320s] Level 1:colcon.colcon_core.package_identification:_identify(.) by extensions ['ignore', 'ignore_ament_install']
[0.321s] Level 1:colcon.colcon_core.package_identification:_identify(.) by extension 'ignore'
[0.321s] Level 1:colcon.colcon_core.package_identification:_identify(.) by extension 'ignore_ament_install'
[0.321s] Level 1:colcon.colcon_core.package_identification:_identify(.) by extensions ['colcon_pkg']
[0.321s] Level 1:colcon.colcon_core.package_identification:_identify(.) by extension 'colcon_pkg'
[0.321s] Level 1:colcon.colcon_core.package_identification:_identify(.) by extensions ['colcon_meta']
[0.321s] Level 1:colcon.colcon_core.package_identification:_identify(.) by extension 'colcon_meta'
[0.321s] Level 1:colcon.colcon_core.package_identification:_identify(.) by extensions ['ros']
[0.321s] Level 1:colcon.colcon_core.package_identification:_identify(.) by extension 'ros'
[0.332s] Level 1:colcon.colcon_core.package_identification:_identify(.) by extensions ['cmake', 'python']
[0.332s] Level 1:colcon.colcon_core.package_identification:_identify(.) by extension 'cmake'
[0.332s] Level 1:colcon.colcon_core.package_identification:_identify(.) by extension 'python'
[0.332s] Level 1:colcon.colcon_core.package_identification:_identify(.) by extensions ['python_setup_py']
[0.332s] Level 1:colcon.colcon_core.package_identification:_identify(.) by extension 'python_setup_py'
[0.333s] Level 1:colcon.colcon_core.package_identification:_identify(build) by extensions ['ignore', 'ignore_ament_install']
[0.333s] Level 1:colcon.colcon_core.package_identification:_identify(build) by extension 'ignore'
[0.333s] Level 1:colcon.colcon_core.package_identification:_identify(build) ignored
[0.333s] Level 1:colcon.colcon_core.package_identification:_identify(config) by extensions ['ignore', 'ignore_ament_install']
[0.333s] Level 1:colcon.colcon_core.package_identification:_identify(config) by extension 'ignore'
[0.333s] Level 1:colcon.colcon_core.package_identification:_identify(config) by extension 'ignore_ament_install'
[0.334s] Level 1:colcon.colcon_core.package_identification:_identify(config) by extensions ['colcon_pkg']
[0.334s] Level 1:colcon.colcon_core.package_identification:_identify(config) by extension 'colcon_pkg'
[0.334s] Level 1:colcon.colcon_core.package_identification:_identify(config) by extensions ['colcon_meta']
[0.334s] Level 1:colcon.colcon_core.package_identification:_identify(config) by extension 'colcon_meta'
[0.334s] Level 1:colcon.colcon_core.package_identification:_identify(config) by extensions ['ros']
[0.334s] Level 1:colcon.colcon_core.package_identification:_identify(config) by extension 'ros'
[0.334s] Level 1:colcon.colcon_core.package_identification:_identify(config) by extensions ['cmake', 'python']
[0.334s] Level 1:colcon.colcon_core.package_identification:_identify(config) by extension 'cmake'
[0.334s] Level 1:colcon.colcon_core.package_identification:_identify(config) by extension 'python'
[0.334s] Level 1:colcon.colcon_core.package_identification:_identify(config) by extensions ['python_setup_py']
[0.334s] Level 1:colcon.colcon_core.package_identification:_identify(config) by extension 'python_setup_py'
[0.334s] Level 1:colcon.colcon_core.package_identification:_identify(install) by extensions ['ignore', 'ignore_ament_install']
[0.335s] Level 1:colcon.colcon_core.package_identification:_identify(install) by extension 'ignore'
[0.335s] Level 1:colcon.colcon_core.package_identification:_identify(install) ignored
[0.335s] Level 1:colcon.colcon_core.package_identification:_identify(log) by extensions ['ignore', 'ignore_ament_install']
[0.335s] Level 1:colcon.colcon_core.package_identification:_identify(log) by extension 'ignore'
[0.335s] Level 1:colcon.colcon_core.package_identification:_identify(log) ignored
[0.335s] Level 1:colcon.colcon_core.package_identification:_identify(maps) by extensions ['ignore', 'ignore_ament_install']
[0.335s] Level 1:colcon.colcon_core.package_identification:_identify(maps) by extension 'ignore'
[0.335s] Level 1:colcon.colcon_core.package_identification:_identify(maps) by extension 'ignore_ament_install'
[0.335s] Level 1:colcon.colcon_core.package_identification:_identify(maps) by extensions ['colcon_pkg']
[0.336s] Level 1:colcon.colcon_core.package_identification:_identify(maps) by extension 'colcon_pkg'
[0.336s] Level 1:colcon.colcon_core.package_identification:_identify(maps) by extensions ['colcon_meta']
[0.336s] Level 1:colcon.colcon_core.package_identification:_identify(maps) by extension 'colcon_meta'
[0.336s] Level 1:colcon.colcon_core.package_identification:_identify(maps) by extensions ['ros']
[0.336s] Level 1:colcon.colcon_core.package_identification:_identify(maps) by extension 'ros'
[0.336s] Level 1:colcon.colcon_core.package_identification:_identify(maps) by extensions ['cmake', 'python']
[0.336s] Level 1:colcon.colcon_core.package_identification:_identify(maps) by extension 'cmake'
[0.336s] Level 1:colcon.colcon_core.package_identification:_identify(maps) by extension 'python'
[0.336s] Level 1:colcon.colcon_core.package_identification:_identify(maps) by extensions ['python_setup_py']
[0.337s] Level 1:colcon.colcon_core.package_identification:_identify(maps) by extension 'python_setup_py'
[0.337s] Level 1:colcon.colcon_core.package_identification:_identify(my_map) by extensions ['ignore', 'ignore_ament_install']
[0.337s] Level 1:colcon.colcon_core.package_identification:_identify(my_map) by extension 'ignore'
[0.337s] Level 1:colcon.colcon_core.package_identification:_identify(my_map) by extension 'ignore_ament_install'
[0.337s] Level 1:colcon.colcon_core.package_identification:_identify(my_map) by extensions ['colcon_pkg']
[0.337s] Level 1:colcon.colcon_core.package_identification:_identify(my_map) by extension 'colcon_pkg'
[0.337s] Level 1:colcon.colcon_core.package_identification:_identify(my_map) by extensions ['colcon_meta']
[0.337s] Level 1:colcon.colcon_core.package_identification:_identify(my_map) by extension 'colcon_meta'
[0.337s] Level 1:colcon.colcon_core.package_identification:_identify(my_map) by extensions ['ros']
[0.337s] Level 1:colcon.colcon_core.package_identification:_identify(my_map) by extension 'ros'
[0.337s] Level 1:colcon.colcon_core.package_identification:_identify(my_map) by extensions ['cmake', 'python']
[0.337s] Level 1:colcon.colcon_core.package_identification:_identify(my_map) by extension 'cmake'
[0.337s] Level 1:colcon.colcon_core.package_identification:_identify(my_map) by extension 'python'
[0.337s] Level 1:colcon.colcon_core.package_identification:_identify(my_map) by extensions ['python_setup_py']
[0.337s] Level 1:colcon.colcon_core.package_identification:_identify(my_map) by extension 'python_setup_py'
[0.337s] Level 1:colcon.colcon_core.package_identification:_identify(my_map/meshes) by extensions ['ignore', 'ignore_ament_install']
[0.337s] Level 1:colcon.colcon_core.package_identification:_identify(my_map/meshes) by extension 'ignore'
[0.338s] Level 1:colcon.colcon_core.package_identification:_identify(my_map/meshes) by extension 'ignore_ament_install'
[0.338s] Level 1:colcon.colcon_core.package_identification:_identify(my_map/meshes) by extensions ['colcon_pkg']
[0.338s] Level 1:colcon.colcon_core.package_identification:_identify(my_map/meshes) by extension 'colcon_pkg'
[0.338s] Level 1:colcon.colcon_core.package_identification:_identify(my_map/meshes) by extensions ['colcon_meta']
[0.338s] Level 1:colcon.colcon_core.package_identification:_identify(my_map/meshes) by extension 'colcon_meta'
[0.338s] Level 1:colcon.colcon_core.package_identification:_identify(my_map/meshes) by extensions ['ros']
[0.338s] Level 1:colcon.colcon_core.package_identification:_identify(my_map/meshes) by extension 'ros'
[0.338s] Level 1:colcon.colcon_core.package_identification:_identify(my_map/meshes) by extensions ['cmake', 'python']
[0.338s] Level 1:colcon.colcon_core.package_identification:_identify(my_map/meshes) by extension 'cmake'
[0.338s] Level 1:colcon.colcon_core.package_identification:_identify(my_map/meshes) by extension 'python'
[0.338s] Level 1:colcon.colcon_core.package_identification:_identify(my_map/meshes) by extensions ['python_setup_py']
[0.338s] Level 1:colcon.colcon_core.package_identification:_identify(my_map/meshes) by extension 'python_setup_py'
[0.338s] Level 1:colcon.colcon_core.package_identification:_identify(simulation) by extensions ['ignore', 'ignore_ament_install']
[0.338s] Level 1:colcon.colcon_core.package_identification:_identify(simulation) by extension 'ignore'
[0.338s] Level 1:colcon.colcon_core.package_identification:_identify(simulation) by extension 'ignore_ament_install'
[0.338s] Level 1:colcon.colcon_core.package_identification:_identify(simulation) by extensions ['colcon_pkg']
[0.338s] Level 1:colcon.colcon_core.package_identification:_identify(simulation) by extension 'colcon_pkg'
[0.338s] Level 1:colcon.colcon_core.package_identification:_identify(simulation) by extensions ['colcon_meta']
[0.338s] Level 1:colcon.colcon_core.package_identification:_identify(simulation) by extension 'colcon_meta'
[0.339s] Level 1:colcon.colcon_core.package_identification:_identify(simulation) by extensions ['ros']
[0.339s] Level 1:colcon.colcon_core.package_identification:_identify(simulation) by extension 'ros'
[0.339s] Level 1:colcon.colcon_core.package_identification:_identify(simulation) by extensions ['cmake', 'python']
[0.339s] Level 1:colcon.colcon_core.package_identification:_identify(simulation) by extension 'cmake'
[0.339s] Level 1:colcon.colcon_core.package_identification:_identify(simulation) by extension 'python'
[0.339s] Level 1:colcon.colcon_core.package_identification:_identify(simulation) by extensions ['python_setup_py']
[0.339s] Level 1:colcon.colcon_core.package_identification:_identify(simulation) by extension 'python_setup_py'
[0.339s] Level 1:colcon.colcon_core.package_identification:_identify(simulation/model) by extensions ['ignore', 'ignore_ament_install']
[0.339s] Level 1:colcon.colcon_core.package_identification:_identify(simulation/model) by extension 'ignore'
[0.339s] Level 1:colcon.colcon_core.package_identification:_identify(simulation/model) by extension 'ignore_ament_install'
[0.339s] Level 1:colcon.colcon_core.package_identification:_identify(simulation/model) by extensions ['colcon_pkg']
[0.339s] Level 1:colcon.colcon_core.package_identification:_identify(simulation/model) by extension 'colcon_pkg'
[0.339s] Level 1:colcon.colcon_core.package_identification:_identify(simulation/model) by extensions ['colcon_meta']
[0.339s] Level 1:colcon.colcon_core.package_identification:_identify(simulation/model) by extension 'colcon_meta'
[0.339s] Level 1:colcon.colcon_core.package_identification:_identify(simulation/model) by extensions ['ros']
[0.339s] Level 1:colcon.colcon_core.package_identification:_identify(simulation/model) by extension 'ros'
[0.340s] Level 1:colcon.colcon_core.package_identification:_identify(simulation/model) by extensions ['cmake', 'python']
[0.340s] Level 1:colcon.colcon_core.package_identification:_identify(simulation/model) by extension 'cmake'
[0.340s] Level 1:colcon.colcon_core.package_identification:_identify(simulation/model) by extension 'python'
[0.340s] Level 1:colcon.colcon_core.package_identification:_identify(simulation/model) by extensions ['python_setup_py']
[0.340s] Level 1:colcon.colcon_core.package_identification:_identify(simulation/model) by extension 'python_setup_py'
[0.340s] Level 1:colcon.colcon_core.package_identification:_identify(simulation/model/my_map) by extensions ['ignore', 'ignore_ament_install']
[0.340s] Level 1:colcon.colcon_core.package_identification:_identify(simulation/model/my_map) by extension 'ignore'
[0.340s] Level 1:colcon.colcon_core.package_identification:_identify(simulation/model/my_map) by extension 'ignore_ament_install'
[0.340s] Level 1:colcon.colcon_core.package_identification:_identify(simulation/model/my_map) by extensions ['colcon_pkg']
[0.340s] Level 1:colcon.colcon_core.package_identification:_identify(simulation/model/my_map) by extension 'colcon_pkg'
[0.340s] Level 1:colcon.colcon_core.package_identification:_identify(simulation/model/my_map) by extensions ['colcon_meta']
[0.340s] Level 1:colcon.colcon_core.package_identification:_identify(simulation/model/my_map) by extension 'colcon_meta'
[0.340s] Level 1:colcon.colcon_core.package_identification:_identify(simulation/model/my_map) by extensions ['ros']
[0.340s] Level 1:colcon.colcon_core.package_identification:_identify(simulation/model/my_map) by extension 'ros'
[0.340s] Level 1:colcon.colcon_core.package_identification:_identify(simulation/model/my_map) by extensions ['cmake', 'python']
[0.340s] Level 1:colcon.colcon_core.package_identification:_identify(simulation/model/my_map) by extension 'cmake'
[0.340s] Level 1:colcon.colcon_core.package_identification:_identify(simulation/model/my_map) by extension 'python'
[0.340s] Level 1:colcon.colcon_core.package_identification:_identify(simulation/model/my_map) by extensions ['python_setup_py']
[0.340s] Level 1:colcon.colcon_core.package_identification:_identify(simulation/model/my_map) by extension 'python_setup_py'
[0.341s] Level 1:colcon.colcon_core.package_identification:_identify(simulation/model/my_map/meshes) by extensions ['ignore', 'ignore_ament_install']
[0.341s] Level 1:colcon.colcon_core.package_identification:_identify(simulation/model/my_map/meshes) by extension 'ignore'
[0.341s] Level 1:colcon.colcon_core.package_identification:_identify(simulation/model/my_map/meshes) by extension 'ignore_ament_install'
[0.341s] Level 1:colcon.colcon_core.package_identification:_identify(simulation/model/my_map/meshes) by extensions ['colcon_pkg']
[0.341s] Level 1:colcon.colcon_core.package_identification:_identify(simulation/model/my_map/meshes) by extension 'colcon_pkg'
[0.341s] Level 1:colcon.colcon_core.package_identification:_identify(simulation/model/my_map/meshes) by extensions ['colcon_meta']
[0.341s] Level 1:colcon.colcon_core.package_identification:_identify(simulation/model/my_map/meshes) by extension 'colcon_meta'
[0.341s] Level 1:colcon.colcon_core.package_identification:_identify(simulation/model/my_map/meshes) by extensions ['ros']
[0.341s] Level 1:colcon.colcon_core.package_identification:_identify(simulation/model/my_map/meshes) by extension 'ros'
[0.341s] Level 1:colcon.colcon_core.package_identification:_identify(simulation/model/my_map/meshes) by extensions ['cmake', 'python']
[0.341s] Level 1:colcon.colcon_core.package_identification:_identify(simulation/model/my_map/meshes) by extension 'cmake'
[0.341s] Level 1:colcon.colcon_core.package_identification:_identify(simulation/model/my_map/meshes) by extension 'python'
[0.341s] Level 1:colcon.colcon_core.package_identification:_identify(simulation/model/my_map/meshes) by extensions ['python_setup_py']
[0.341s] Level 1:colcon.colcon_core.package_identification:_identify(simulation/model/my_map/meshes) by extension 'python_setup_py'
[0.341s] Level 1:colcon.colcon_core.package_identification:_identify(simulation/urdf) by extensions ['ignore', 'ignore_ament_install']
[0.342s] Level 1:colcon.colcon_core.package_identification:_identify(simulation/urdf) by extension 'ignore'
[0.342s] Level 1:colcon.colcon_core.package_identification:_identify(simulation/urdf) by extension 'ignore_ament_install'
[0.342s] Level 1:colcon.colcon_core.package_identification:_identify(simulation/urdf) by extensions ['colcon_pkg']
[0.342s] Level 1:colcon.colcon_core.package_identification:_identify(simulation/urdf) by extension 'colcon_pkg'
[0.342s] Level 1:colcon.colcon_core.package_identification:_identify(simulation/urdf) by extensions ['colcon_meta']
[0.342s] Level 1:colcon.colcon_core.package_identification:_identify(simulation/urdf) by extension 'colcon_meta'
[0.342s] Level 1:colcon.colcon_core.package_identification:_identify(simulation/urdf) by extensions ['ros']
[0.342s] Level 1:colcon.colcon_core.package_identification:_identify(simulation/urdf) by extension 'ros'
[0.342s] Level 1:colcon.colcon_core.package_identification:_identify(simulation/urdf) by extensions ['cmake', 'python']
[0.342s] Level 1:colcon.colcon_core.package_identification:_identify(simulation/urdf) by extension 'cmake'
[0.342s] Level 1:colcon.colcon_core.package_identification:_identify(simulation/urdf) by extension 'python'
[0.342s] Level 1:colcon.colcon_core.package_identification:_identify(simulation/urdf) by extensions ['python_setup_py']
[0.342s] Level 1:colcon.colcon_core.package_identification:_identify(simulation/urdf) by extension 'python_setup_py'
[0.342s] Level 1:colcon.colcon_core.package_identification:_identify(simulation/world) by extensions ['ignore', 'ignore_ament_install']
[0.342s] Level 1:colcon.colcon_core.package_identification:_identify(simulation/world) by extension 'ignore'
[0.343s] Level 1:colcon.colcon_core.package_identification:_identify(simulation/world) by extension 'ignore_ament_install'
[0.343s] Level 1:colcon.colcon_core.package_identification:_identify(simulation/world) by extensions ['colcon_pkg']
[0.343s] Level 1:colcon.colcon_core.package_identification:_identify(simulation/world) by extension 'colcon_pkg'
[0.343s] Level 1:colcon.colcon_core.package_identification:_identify(simulation/world) by extensions ['colcon_meta']
[0.343s] Level 1:colcon.colcon_core.package_identification:_identify(simulation/world) by extension 'colcon_meta'
[0.343s] Level 1:colcon.colcon_core.package_identification:_identify(simulation/world) by extensions ['ros']
[0.343s] Level 1:colcon.colcon_core.package_identification:_identify(simulation/world) by extension 'ros'
[0.343s] Level 1:colcon.colcon_core.package_identification:_identify(simulation/world) by extensions ['cmake', 'python']
[0.343s] Level 1:colcon.colcon_core.package_identification:_identify(simulation/world) by extension 'cmake'
[0.343s] Level 1:colcon.colcon_core.package_identification:_identify(simulation/world) by extension 'python'
[0.343s] Level 1:colcon.colcon_core.package_identification:_identify(simulation/world) by extensions ['python_setup_py']
[0.343s] Level 1:colcon.colcon_core.package_identification:_identify(simulation/world) by extension 'python_setup_py'
[0.343s] Level 1:colcon.colcon_core.package_identification:_identify(src) by extensions ['ignore', 'ignore_ament_install']
[0.344s] Level 1:colcon.colcon_core.package_identification:_identify(src) by extension 'ignore'
[0.344s] Level 1:colcon.colcon_core.package_identification:_identify(src) by extension 'ignore_ament_install'
[0.344s] Level 1:colcon.colcon_core.package_identification:_identify(src) by extensions ['colcon_pkg']
[0.344s] Level 1:colcon.colcon_core.package_identification:_identify(src) by extension 'colcon_pkg'
[0.344s] Level 1:colcon.colcon_core.package_identification:_identify(src) by extensions ['colcon_meta']
[0.344s] Level 1:colcon.colcon_core.package_identification:_identify(src) by extension 'colcon_meta'
[0.344s] Level 1:colcon.colcon_core.package_identification:_identify(src) by extensions ['ros']
[0.344s] Level 1:colcon.colcon_core.package_identification:_identify(src) by extension 'ros'
[0.344s] Level 1:colcon.colcon_core.package_identification:_identify(src) by extensions ['cmake', 'python']
[0.344s] Level 1:colcon.colcon_core.package_identification:_identify(src) by extension 'cmake'
[0.344s] Level 1:colcon.colcon_core.package_identification:_identify(src) by extension 'python'
[0.344s] Level 1:colcon.colcon_core.package_identification:_identify(src) by extensions ['python_setup_py']
[0.344s] Level 1:colcon.colcon_core.package_identification:_identify(src) by extension 'python_setup_py'
[0.344s] Level 1:colcon.colcon_core.package_identification:_identify(src/my_simulation_pkg) by extensions ['ignore', 'ignore_ament_install']
[0.344s] Level 1:colcon.colcon_core.package_identification:_identify(src/my_simulation_pkg) by extension 'ignore'
[0.344s] Level 1:colcon.colcon_core.package_identification:_identify(src/my_simulation_pkg) by extension 'ignore_ament_install'
[0.345s] Level 1:colcon.colcon_core.package_identification:_identify(src/my_simulation_pkg) by extensions ['colcon_pkg']
[0.345s] Level 1:colcon.colcon_core.package_identification:_identify(src/my_simulation_pkg) by extension 'colcon_pkg'
[0.345s] Level 1:colcon.colcon_core.package_identification:_identify(src/my_simulation_pkg) by extensions ['colcon_meta']
[0.345s] Level 1:colcon.colcon_core.package_identification:_identify(src/my_simulation_pkg) by extension 'colcon_meta'
[0.345s] Level 1:colcon.colcon_core.package_identification:_identify(src/my_simulation_pkg) by extensions ['ros']
[0.345s] Level 1:colcon.colcon_core.package_identification:_identify(src/my_simulation_pkg) by extension 'ros'
[0.347s] DEBUG:colcon.colcon_core.package_identification:Package 'src/my_simulation_pkg' with type 'ros.ament_python' and name 'my_simulation_pkg'
[0.347s] Level 1:colcon.colcon_core.package_identification:_identify(src/return_to_cell) by extensions ['ignore', 'ignore_ament_install']
[0.347s] Level 1:colcon.colcon_core.package_identification:_identify(src/return_to_cell) by extension 'ignore'
[0.348s] Level 1:colcon.colcon_core.package_identification:_identify(src/return_to_cell) by extension 'ignore_ament_install'
[0.348s] Level 1:colcon.colcon_core.package_identification:_identify(src/return_to_cell) by extensions ['colcon_pkg']
[0.348s] Level 1:colcon.colcon_core.package_identification:_identify(src/return_to_cell) by extension 'colcon_pkg'
[0.348s] Level 1:colcon.colcon_core.package_identification:_identify(src/return_to_cell) by extensions ['colcon_meta']
[0.348s] Level 1:colcon.colcon_core.package_identification:_identify(src/return_to_cell) by extension 'colcon_meta'
[0.348s] Level 1:colcon.colcon_core.package_identification:_identify(src/return_to_cell) by extensions ['ros']
[0.348s] Level 1:colcon.colcon_core.package_identification:_identify(src/return_to_cell) by extension 'ros'
[0.348s] Level 1:colcon.colcon_core.package_identification:_identify(src/return_to_cell) by extensions ['cmake', 'python']
[0.348s] Level 1:colcon.colcon_core.package_identification:_identify(src/return_to_cell) by extension 'cmake'
[0.348s] Level 1:colcon.colcon_core.package_identification:_identify(src/return_to_cell) by extension 'python'
[0.348s] Level 1:colcon.colcon_core.package_identification:_identify(src/return_to_cell) by extensions ['python_setup_py']
[0.348s] Level 1:colcon.colcon_core.package_identification:_identify(src/return_to_cell) by extension 'python_setup_py'
[0.348s] Level 1:colcon.colcon_core.package_identification:_identify(src/vision_tape_detector) by extensions ['ignore', 'ignore_ament_install']
[0.348s] Level 1:colcon.colcon_core.package_identification:_identify(src/vision_tape_detector) by extension 'ignore'
[0.349s] Level 1:colcon.colcon_core.package_identification:_identify(src/vision_tape_detector) by extension 'ignore_ament_install'
[0.349s] Level 1:colcon.colcon_core.package_identification:_identify(src/vision_tape_detector) by extensions ['colcon_pkg']
[0.349s] Level 1:colcon.colcon_core.package_identification:_identify(src/vision_tape_detector) by extension 'colcon_pkg'
[0.349s] Level 1:colcon.colcon_core.package_identification:_identify(src/vision_tape_detector) by extensions ['colcon_meta']
[0.349s] Level 1:colcon.colcon_core.package_identification:_identify(src/vision_tape_detector) by extension 'colcon_meta'
[0.349s] Level 1:colcon.colcon_core.package_identification:_identify(src/vision_tape_detector) by extensions ['ros']
[0.349s] Level 1:colcon.colcon_core.package_identification:_identify(src/vision_tape_detector) by extension 'ros'
[0.349s] Level 1:colcon.colcon_core.package_identification:_identify(src/vision_tape_detector) by extensions ['cmake', 'python']
[0.349s] Level 1:colcon.colcon_core.package_identification:_identify(src/vision_tape_detector) by extension 'cmake'
[0.349s] Level 1:colcon.colcon_core.package_identification:_identify(src/vision_tape_detector) by extension 'python'
[0.349s] Level 1:colcon.colcon_core.package_identification:_identify(src/vision_tape_detector) by extensions ['python_setup_py']
[0.349s] Level 1:colcon.colcon_core.package_identification:_identify(src/vision_tape_detector) by extension 'python_setup_py'
[0.349s] Level 1:colcon.colcon_core.package_discovery:discover_packages(recursive) using defaults
[0.349s] Level 1:colcon.colcon_core.package_discovery:discover_packages(ignore) discover
[0.349s] Level 1:colcon.colcon_core.package_discovery:discover_packages(ignore) using defaults
[0.349s] Level 1:colcon.colcon_core.package_discovery:discover_packages(path) discover
[0.350s] Level 1:colcon.colcon_core.package_discovery:discover_packages(path) using defaults
[0.384s] Level 1:colcon.colcon_core.package_discovery:discover_packages(prefix_path) check parameters
[0.384s] Level 1:colcon.colcon_core.package_discovery:discover_packages(prefix_path) discover
[0.386s] DEBUG:colcon.colcon_installed_package_information.package_discovery:Found 1 installed packages in /home/sam/MR_Project/install
[0.388s] DEBUG:colcon.colcon_installed_package_information.package_discovery:Found 393 installed packages in /opt/ros/humble
[0.390s] Level 1:colcon.colcon_core.package_discovery:discover_packages(prefix_path) using defaults
[0.445s] Level 5:colcon.colcon_core.verb:set package 'my_simulation_pkg' build argument 'cmake_args' from command line to 'None'
[0.445s] Level 5:colcon.colcon_core.verb:set package 'my_simulation_pkg' build argument 'cmake_target' from command line to 'None'
[0.445s] Level 5:colcon.colcon_core.verb:set package 'my_simulation_pkg' build argument 'cmake_target_skip_unavailable' from command line to 'False'
[0.445s] Level 5:colcon.colcon_core.verb:set package 'my_simulation_pkg' build argument 'cmake_clean_cache' from command line to 'False'
[0.445s] Level 5:colcon.colcon_core.verb:set package 'my_simulation_pkg' build argument 'cmake_clean_first' from command line to 'False'
[0.445s] Level 5:colcon.colcon_core.verb:set package 'my_simulation_pkg' build argument 'cmake_force_configure' from command line to 'False'
[0.445s] Level 5:colcon.colcon_core.verb:set package 'my_simulation_pkg' build argument 'ament_cmake_args' from command line to 'None'
[0.445s] Level 5:colcon.colcon_core.verb:set package 'my_simulation_pkg' build argument 'catkin_cmake_args' from command line to 'None'
[0.445s] Level 5:colcon.colcon_core.verb:set package 'my_simulation_pkg' build argument 'catkin_skip_building_tests' from command line to 'False'
[0.445s] DEBUG:colcon.colcon_core.verb:Building package 'my_simulation_pkg' with the following arguments: {'ament_cmake_args': None, 'build_base': '/home/sam/MR_Project/build/my_simulation_pkg', 'catkin_cmake_args': None, 'catkin_skip_building_tests': False, 'cmake_args': None, 'cmake_clean_cache': False, 'cmake_clean_first': False, 'cmake_force_configure': False, 'cmake_target': None, 'cmake_target_skip_unavailable': False, 'install_base': '/home/sam/MR_Project/install/my_simulation_pkg', 'merge_install': False, 'path': '/home/sam/MR_Project/src/my_simulation_pkg', 'symlink_install': False, 'test_result_base': None}
[0.446s] INFO:colcon.colcon_core.executor:Executing jobs using 'parallel' executor
[0.447s] DEBUG:colcon.colcon_parallel_executor.executor.parallel:run_until_complete
[0.447s] INFO:colcon.colcon_ros.task.ament_python.build:Building ROS package in '/home/sam/MR_Project/src/my_simulation_pkg' with build type 'ament_python'
[0.448s] Level 1:colcon.colcon_core.shell:create_environment_hook('my_simulation_pkg', 'ament_prefix_path')
[0.451s] INFO:colcon.colcon_core.plugin_system:Skipping extension 'colcon_core.shell.bat': Not used on non-Windows systems
[0.452s] INFO:colcon.colcon_core.shell:Creating environment hook '/home/sam/MR_Project/install/my_simulation_pkg/share/my_simulation_pkg/hook/ament_prefix_path.ps1'
[0.452s] INFO:colcon.colcon_core.shell:Creating environment descriptor '/home/sam/MR_Project/install/my_simulation_pkg/share/my_simulation_pkg/hook/ament_prefix_path.dsv'
[0.453s] INFO:colcon.colcon_core.shell:Creating environment hook '/home/sam/MR_Project/install/my_simulation_pkg/share/my_simulation_pkg/hook/ament_prefix_path.sh'
[0.454s] INFO:colcon.colcon_core.shell:Skip shell extension 'powershell' for command environment: Not usable outside of PowerShell
[0.454s] DEBUG:colcon.colcon_core.shell:Skip shell extension 'dsv' for command environment
[0.856s] INFO:colcon.colcon_core.task.python.build:Building Python package in '/home/sam/MR_Project/src/my_simulation_pkg'
[0.856s] INFO:colcon.colcon_core.shell:Skip shell extension 'powershell' for command environment: Not usable outside of PowerShell
[0.856s] DEBUG:colcon.colcon_core.shell:Skip shell extension 'dsv' for command environment
[1.367s] DEBUG:colcon.colcon_core.event_handler.log_command:Invoking command in '/home/sam/MR_Project/build/my_simulation_pkg': PYTHONPATH=/home/sam/MR_Project/build/my_simulation_pkg/prefix_override:/usr/lib/python3/dist-packages/colcon_core/task/python/colcon_distutils_commands:/home/sam/MR_Project/install/my_simulation_pkg/lib/python3.10/site-packages:${PYTHONPATH} /usr/bin/python3 -W ignore:setup.py install is deprecated -W ignore:easy_install command is deprecated setup.py develop --uninstall --editable --build-directory /home/sam/MR_Project/build/my_simulation_pkg/build
[2.127s] DEBUG:colcon.colcon_core.event_handler.log_command:Invoked command in '/home/sam/MR_Project/build/my_simulation_pkg' returned '0': PYTHONPATH=/home/sam/MR_Project/build/my_simulation_pkg/prefix_override:/usr/lib/python3/dist-packages/colcon_core/task/python/colcon_distutils_commands:/home/sam/MR_Project/install/my_simulation_pkg/lib/python3.10/site-packages:${PYTHONPATH} /usr/bin/python3 -W ignore:setup.py install is deprecated -W ignore:easy_install command is deprecated setup.py develop --uninstall --editable --build-directory /home/sam/MR_Project/build/my_simulation_pkg/build
[2.138s] DEBUG:colcon.colcon_core.event_handler.log_command:Invoking command in '/home/sam/MR_Project/src/my_simulation_pkg': PYTHONPATH=/home/sam/MR_Project/build/my_simulation_pkg/prefix_override:/usr/lib/python3/dist-packages/colcon_core/task/python/colcon_distutils_commands:/home/sam/MR_Project/install/my_simulation_pkg/lib/python3.10/site-packages:${PYTHONPATH} /usr/bin/python3 -W ignore:setup.py install is deprecated -W ignore:easy_install command is deprecated setup.py egg_info --egg-base ../../build/my_simulation_pkg build --build-base /home/sam/MR_Project/build/my_simulation_pkg/build install --record /home/sam/MR_Project/build/my_simulation_pkg/install.log --single-version-externally-managed install_data --force
[2.964s] DEBUG:colcon.colcon_core.event_handler.log_command:Invoked command in '/home/sam/MR_Project/src/my_simulation_pkg' returned '0': PYTHONPATH=/home/sam/MR_Project/build/my_simulation_pkg/prefix_override:/usr/lib/python3/dist-packages/colcon_core/task/python/colcon_distutils_commands:/home/sam/MR_Project/install/my_simulation_pkg/lib/python3.10/site-packages:${PYTHONPATH} /usr/bin/python3 -W ignore:setup.py install is deprecated -W ignore:easy_install command is deprecated setup.py egg_info --egg-base ../../build/my_simulation_pkg build --build-base /home/sam/MR_Project/build/my_simulation_pkg/build install --record /home/sam/MR_Project/build/my_simulation_pkg/install.log --single-version-externally-managed install_data --force
[2.967s] Level 1:colcon.colcon_core.environment:checking '/home/sam/MR_Project/install/my_simulation_pkg' for CMake module files
[2.968s] Level 1:colcon.colcon_core.environment:checking '/home/sam/MR_Project/install/my_simulation_pkg' for CMake config files
[2.976s] Level 1:colcon.colcon_core.environment:checking '/home/sam/MR_Project/install/my_simulation_pkg/lib'
[2.976s] Level 1:colcon.colcon_core.environment:checking '/home/sam/MR_Project/install/my_simulation_pkg/bin'
[2.977s] Level 1:colcon.colcon_core.environment:checking '/home/sam/MR_Project/install/my_simulation_pkg/lib/pkgconfig/my_simulation_pkg.pc'
[2.977s] Level 1:colcon.colcon_core.environment:checking '/home/sam/MR_Project/install/my_simulation_pkg/lib/python3.10/site-packages'
[2.977s] Level 1:colcon.colcon_core.shell:create_environment_hook('my_simulation_pkg', 'pythonpath')
[2.978s] INFO:colcon.colcon_core.shell:Creating environment hook '/home/sam/MR_Project/install/my_simulation_pkg/share/my_simulation_pkg/hook/pythonpath.ps1'
[2.979s] INFO:colcon.colcon_core.shell:Creating environment descriptor '/home/sam/MR_Project/install/my_simulation_pkg/share/my_simulation_pkg/hook/pythonpath.dsv'
[2.991s] INFO:colcon.colcon_core.shell:Creating environment hook '/home/sam/MR_Project/install/my_simulation_pkg/share/my_simulation_pkg/hook/pythonpath.sh'
[3.000s] Level 1:colcon.colcon_core.environment:checking '/home/sam/MR_Project/install/my_simulation_pkg/bin'
[3.000s] Level 1:colcon.colcon_core.environment:create_environment_scripts_only(my_simulation_pkg)
[3.002s] INFO:colcon.colcon_core.shell:Creating package script '/home/sam/MR_Project/install/my_simulation_pkg/share/my_simulation_pkg/package.ps1'
[3.006s] INFO:colcon.colcon_core.shell:Creating package descriptor '/home/sam/MR_Project/install/my_simulation_pkg/share/my_simulation_pkg/package.dsv'
[3.015s] INFO:colcon.colcon_core.shell:Creating package script '/home/sam/MR_Project/install/my_simulation_pkg/share/my_simulation_pkg/package.sh'
[3.021s] INFO:colcon.colcon_core.shell:Creating package script '/home/sam/MR_Project/install/my_simulation_pkg/share/my_simulation_pkg/package.bash'
[3.028s] INFO:colcon.colcon_core.shell:Creating package script '/home/sam/MR_Project/install/my_simulation_pkg/share/my_simulation_pkg/package.zsh'
[3.029s] Level 1:colcon.colcon_core.environment:create_file_with_runtime_dependencies(/home/sam/MR_Project/install/my_simulation_pkg/share/colcon-core/packages/my_simulation_pkg)
[3.030s] DEBUG:colcon.colcon_parallel_executor.executor.parallel:closing loop
[3.031s] DEBUG:colcon.colcon_parallel_executor.executor.parallel:loop closed
[3.034s] DEBUG:colcon.colcon_parallel_executor.executor.parallel:run_until_complete finished with '0'
[3.038s] DEBUG:colcon.colcon_core.event_reactor:joining thread
[3.054s] INFO:colcon.colcon_core.plugin_system:Skipping extension 'colcon_notification.desktop_notification.terminal_notifier': Not used on non-Darwin systems
[3.063s] INFO:colcon.colcon_core.plugin_system:Skipping extension 'colcon_notification.desktop_notification.win32': Not used on non-Windows systems
[3.063s] INFO:colcon.colcon_notification.desktop_notification:Sending desktop notification using 'notify2'
[3.150s] DEBUG:colcon.colcon_core.event_reactor:joined thread
[3.150s] INFO:colcon.colcon_core.shell:Creating prefix script '/home/sam/MR_Project/install/local_setup.ps1'
[3.154s] INFO:colcon.colcon_core.shell:Creating prefix util module '/home/sam/MR_Project/install/_local_setup_util_ps1.py'
[3.161s] INFO:colcon.colcon_core.shell:Creating prefix chain script '/home/sam/MR_Project/install/setup.ps1'
[3.181s] INFO:colcon.colcon_core.shell:Creating prefix script '/home/sam/MR_Project/install/local_setup.sh'
[3.187s] INFO:colcon.colcon_core.shell:Creating prefix util module '/home/sam/MR_Project/install/_local_setup_util_sh.py'
[3.200s] INFO:colcon.colcon_core.shell:Creating prefix chain script '/home/sam/MR_Project/install/setup.sh'
[3.211s] INFO:colcon.colcon_core.shell:Creating prefix script '/home/sam/MR_Project/install/local_setup.bash'
[3.213s] INFO:colcon.colcon_core.shell:Creating prefix chain script '/home/sam/MR_Project/install/setup.bash'
[3.215s] INFO:colcon.colcon_core.shell:Creating prefix script '/home/sam/MR_Project/install/local_setup.zsh'
[3.217s] INFO:colcon.colcon_core.shell:Creating prefix chain script '/home/sam/MR_Project/install/setup.zsh'
