[0.144s] DEBUG:colcon:Command line arguments: ['/usr/bin/colcon', 'build', '--symlink-install']
[0.145s] DEBUG:colcon:Parsed command line arguments: Namespace(log_base=None, log_level=None, verb_name='build', build_base='build', install_base='install', merge_install=False, symlink_install=True, test_result_base=None, continue_on_error=False, executor='parallel', parallel_workers=6, event_handlers=None, ignore_user_meta=False, metas=['./colcon.meta'], base_paths=['.'], packages_ignore=None, packages_ignore_regex=None, paths=None, packages_up_to=None, packages_up_to_regex=None, packages_above=None, packages_above_and_dependencies=None, packages_above_depth=None, packages_select_by_dep=None, packages_skip_by_dep=None, packages_skip_up_to=None, packages_select_build_failed=False, packages_skip_build_finished=False, packages_select_test_failures=False, packages_skip_test_passed=False, packages_select=None, packages_skip=None, packages_select_regex=None, packages_skip_regex=None, packages_start=None, packages_end=None, allow_overriding=[], cmake_args=None, cmake_target=None, cmake_target_skip_unavailable=False, cmake_clean_cache=False, cmake_clean_first=False, cmake_force_configure=False, ament_cmake_args=None, catkin_cmake_args=None, catkin_skip_building_tests=False, mixin_files=None, mixin=None, verb_parser=<colcon_mixin.mixin.mixin_argument.MixinArgumentDecorator object at 0x71a154bda530>, verb_extension=<colcon_core.verb.build.BuildVerb object at 0x71a154cdf4f0>, main=<bound method BuildVerb.main of <colcon_core.verb.build.BuildVerb object at 0x71a154cdf4f0>>, mixin_verb=('build',))
[0.352s] Level 1:colcon.colcon_core.package_discovery:discover_packages(colcon_meta) check parameters
[0.353s] Level 1:colcon.colcon_core.package_discovery:discover_packages(recursive) check parameters
[0.353s] Level 1:colcon.colcon_core.package_discovery:discover_packages(ignore) check parameters
[0.353s] Level 1:colcon.colcon_core.package_discovery:discover_packages(path) check parameters
[0.353s] Level 1:colcon.colcon_core.package_discovery:discover_packages(colcon_meta) discover
[0.353s] Level 1:colcon.colcon_core.package_discovery:discover_packages(recursive) discover
[0.354s] INFO:colcon.colcon_core.package_discovery:Crawling recursively for packages in '/home/sam/MR_Project'
[0.354s] Level 1:colcon.colcon_core.package_identification:_identify(.) by extensions ['ignore', 'ignore_ament_install']
[0.354s] Level 1:colcon.colcon_core.package_identification:_identify(.) by extension 'ignore'
[0.355s] Level 1:colcon.colcon_core.package_identification:_identify(.) by extension 'ignore_ament_install'
[0.355s] Level 1:colcon.colcon_core.package_identification:_identify(.) by extensions ['colcon_pkg']
[0.355s] Level 1:colcon.colcon_core.package_identification:_identify(.) by extension 'colcon_pkg'
[0.355s] Level 1:colcon.colcon_core.package_identification:_identify(.) by extensions ['colcon_meta']
[0.355s] Level 1:colcon.colcon_core.package_identification:_identify(.) by extension 'colcon_meta'
[0.355s] Level 1:colcon.colcon_core.package_identification:_identify(.) by extensions ['ros']
[0.355s] Level 1:colcon.colcon_core.package_identification:_identify(.) by extension 'ros'
[0.367s] Level 1:colcon.colcon_core.package_identification:_identify(.) by extensions ['cmake', 'python']
[0.368s] Level 1:colcon.colcon_core.package_identification:_identify(.) by extension 'cmake'
[0.369s] Level 1:colcon.colcon_core.package_identification:_identify(.) by extension 'python'
[0.369s] Level 1:colcon.colcon_core.package_identification:_identify(.) by extensions ['python_setup_py']
[0.369s] Level 1:colcon.colcon_core.package_identification:_identify(.) by extension 'python_setup_py'
[0.369s] Level 1:colcon.colcon_core.package_identification:_identify(build) by extensions ['ignore', 'ignore_ament_install']
[0.369s] Level 1:colcon.colcon_core.package_identification:_identify(build) by extension 'ignore'
[0.369s] Level 1:colcon.colcon_core.package_identification:_identify(build) ignored
[0.369s] Level 1:colcon.colcon_core.package_identification:_identify(config) by extensions ['ignore', 'ignore_ament_install']
[0.370s] Level 1:colcon.colcon_core.package_identification:_identify(config) by extension 'ignore'
[0.370s] Level 1:colcon.colcon_core.package_identification:_identify(config) by extension 'ignore_ament_install'
[0.370s] Level 1:colcon.colcon_core.package_identification:_identify(config) by extensions ['colcon_pkg']
[0.370s] Level 1:colcon.colcon_core.package_identification:_identify(config) by extension 'colcon_pkg'
[0.370s] Level 1:colcon.colcon_core.package_identification:_identify(config) by extensions ['colcon_meta']
[0.370s] Level 1:colcon.colcon_core.package_identification:_identify(config) by extension 'colcon_meta'
[0.370s] Level 1:colcon.colcon_core.package_identification:_identify(config) by extensions ['ros']
[0.370s] Level 1:colcon.colcon_core.package_identification:_identify(config) by extension 'ros'
[0.370s] Level 1:colcon.colcon_core.package_identification:_identify(config) by extensions ['cmake', 'python']
[0.370s] Level 1:colcon.colcon_core.package_identification:_identify(config) by extension 'cmake'
[0.371s] Level 1:colcon.colcon_core.package_identification:_identify(config) by extension 'python'
[0.371s] Level 1:colcon.colcon_core.package_identification:_identify(config) by extensions ['python_setup_py']
[0.371s] Level 1:colcon.colcon_core.package_identification:_identify(config) by extension 'python_setup_py'
[0.371s] Level 1:colcon.colcon_core.package_identification:_identify(install) by extensions ['ignore', 'ignore_ament_install']
[0.371s] Level 1:colcon.colcon_core.package_identification:_identify(install) by extension 'ignore'
[0.371s] Level 1:colcon.colcon_core.package_identification:_identify(install) ignored
[0.371s] Level 1:colcon.colcon_core.package_identification:_identify(log) by extensions ['ignore', 'ignore_ament_install']
[0.372s] Level 1:colcon.colcon_core.package_identification:_identify(log) by extension 'ignore'
[0.372s] Level 1:colcon.colcon_core.package_identification:_identify(log) ignored
[0.372s] Level 1:colcon.colcon_core.package_identification:_identify(maps) by extensions ['ignore', 'ignore_ament_install']
[0.372s] Level 1:colcon.colcon_core.package_identification:_identify(maps) by extension 'ignore'
[0.372s] Level 1:colcon.colcon_core.package_identification:_identify(maps) by extension 'ignore_ament_install'
[0.372s] Level 1:colcon.colcon_core.package_identification:_identify(maps) by extensions ['colcon_pkg']
[0.372s] Level 1:colcon.colcon_core.package_identification:_identify(maps) by extension 'colcon_pkg'
[0.373s] Level 1:colcon.colcon_core.package_identification:_identify(maps) by extensions ['colcon_meta']
[0.373s] Level 1:colcon.colcon_core.package_identification:_identify(maps) by extension 'colcon_meta'
[0.373s] Level 1:colcon.colcon_core.package_identification:_identify(maps) by extensions ['ros']
[0.373s] Level 1:colcon.colcon_core.package_identification:_identify(maps) by extension 'ros'
[0.373s] Level 1:colcon.colcon_core.package_identification:_identify(maps) by extensions ['cmake', 'python']
[0.373s] Level 1:colcon.colcon_core.package_identification:_identify(maps) by extension 'cmake'
[0.373s] Level 1:colcon.colcon_core.package_identification:_identify(maps) by extension 'python'
[0.373s] Level 1:colcon.colcon_core.package_identification:_identify(maps) by extensions ['python_setup_py']
[0.373s] Level 1:colcon.colcon_core.package_identification:_identify(maps) by extension 'python_setup_py'
[0.373s] Level 1:colcon.colcon_core.package_identification:_identify(my_map) by extensions ['ignore', 'ignore_ament_install']
[0.374s] Level 1:colcon.colcon_core.package_identification:_identify(my_map) by extension 'ignore'
[0.374s] Level 1:colcon.colcon_core.package_identification:_identify(my_map) by extension 'ignore_ament_install'
[0.374s] Level 1:colcon.colcon_core.package_identification:_identify(my_map) by extensions ['colcon_pkg']
[0.374s] Level 1:colcon.colcon_core.package_identification:_identify(my_map) by extension 'colcon_pkg'
[0.374s] Level 1:colcon.colcon_core.package_identification:_identify(my_map) by extensions ['colcon_meta']
[0.374s] Level 1:colcon.colcon_core.package_identification:_identify(my_map) by extension 'colcon_meta'
[0.375s] Level 1:colcon.colcon_core.package_identification:_identify(my_map) by extensions ['ros']
[0.375s] Level 1:colcon.colcon_core.package_identification:_identify(my_map) by extension 'ros'
[0.375s] Level 1:colcon.colcon_core.package_identification:_identify(my_map) by extensions ['cmake', 'python']
[0.375s] Level 1:colcon.colcon_core.package_identification:_identify(my_map) by extension 'cmake'
[0.375s] Level 1:colcon.colcon_core.package_identification:_identify(my_map) by extension 'python'
[0.375s] Level 1:colcon.colcon_core.package_identification:_identify(my_map) by extensions ['python_setup_py']
[0.375s] Level 1:colcon.colcon_core.package_identification:_identify(my_map) by extension 'python_setup_py'
[0.375s] Level 1:colcon.colcon_core.package_identification:_identify(my_map/meshes) by extensions ['ignore', 'ignore_ament_install']
[0.375s] Level 1:colcon.colcon_core.package_identification:_identify(my_map/meshes) by extension 'ignore'
[0.375s] Level 1:colcon.colcon_core.package_identification:_identify(my_map/meshes) by extension 'ignore_ament_install'
[0.375s] Level 1:colcon.colcon_core.package_identification:_identify(my_map/meshes) by extensions ['colcon_pkg']
[0.375s] Level 1:colcon.colcon_core.package_identification:_identify(my_map/meshes) by extension 'colcon_pkg'
[0.375s] Level 1:colcon.colcon_core.package_identification:_identify(my_map/meshes) by extensions ['colcon_meta']
[0.375s] Level 1:colcon.colcon_core.package_identification:_identify(my_map/meshes) by extension 'colcon_meta'
[0.375s] Level 1:colcon.colcon_core.package_identification:_identify(my_map/meshes) by extensions ['ros']
[0.376s] Level 1:colcon.colcon_core.package_identification:_identify(my_map/meshes) by extension 'ros'
[0.376s] Level 1:colcon.colcon_core.package_identification:_identify(my_map/meshes) by extensions ['cmake', 'python']
[0.376s] Level 1:colcon.colcon_core.package_identification:_identify(my_map/meshes) by extension 'cmake'
[0.376s] Level 1:colcon.colcon_core.package_identification:_identify(my_map/meshes) by extension 'python'
[0.376s] Level 1:colcon.colcon_core.package_identification:_identify(my_map/meshes) by extensions ['python_setup_py']
[0.376s] Level 1:colcon.colcon_core.package_identification:_identify(my_map/meshes) by extension 'python_setup_py'
[0.376s] Level 1:colcon.colcon_core.package_identification:_identify(simulation) by extensions ['ignore', 'ignore_ament_install']
[0.376s] Level 1:colcon.colcon_core.package_identification:_identify(simulation) by extension 'ignore'
[0.376s] Level 1:colcon.colcon_core.package_identification:_identify(simulation) by extension 'ignore_ament_install'
[0.376s] Level 1:colcon.colcon_core.package_identification:_identify(simulation) by extensions ['colcon_pkg']
[0.376s] Level 1:colcon.colcon_core.package_identification:_identify(simulation) by extension 'colcon_pkg'
[0.376s] Level 1:colcon.colcon_core.package_identification:_identify(simulation) by extensions ['colcon_meta']
[0.376s] Level 1:colcon.colcon_core.package_identification:_identify(simulation) by extension 'colcon_meta'
[0.376s] Level 1:colcon.colcon_core.package_identification:_identify(simulation) by extensions ['ros']
[0.376s] Level 1:colcon.colcon_core.package_identification:_identify(simulation) by extension 'ros'
[0.376s] Level 1:colcon.colcon_core.package_identification:_identify(simulation) by extensions ['cmake', 'python']
[0.376s] Level 1:colcon.colcon_core.package_identification:_identify(simulation) by extension 'cmake'
[0.376s] Level 1:colcon.colcon_core.package_identification:_identify(simulation) by extension 'python'
[0.376s] Level 1:colcon.colcon_core.package_identification:_identify(simulation) by extensions ['python_setup_py']
[0.377s] Level 1:colcon.colcon_core.package_identification:_identify(simulation) by extension 'python_setup_py'
[0.377s] Level 1:colcon.colcon_core.package_identification:_identify(simulation/model) by extensions ['ignore', 'ignore_ament_install']
[0.377s] Level 1:colcon.colcon_core.package_identification:_identify(simulation/model) by extension 'ignore'
[0.377s] Level 1:colcon.colcon_core.package_identification:_identify(simulation/model) by extension 'ignore_ament_install'
[0.377s] Level 1:colcon.colcon_core.package_identification:_identify(simulation/model) by extensions ['colcon_pkg']
[0.377s] Level 1:colcon.colcon_core.package_identification:_identify(simulation/model) by extension 'colcon_pkg'
[0.377s] Level 1:colcon.colcon_core.package_identification:_identify(simulation/model) by extensions ['colcon_meta']
[0.377s] Level 1:colcon.colcon_core.package_identification:_identify(simulation/model) by extension 'colcon_meta'
[0.377s] Level 1:colcon.colcon_core.package_identification:_identify(simulation/model) by extensions ['ros']
[0.377s] Level 1:colcon.colcon_core.package_identification:_identify(simulation/model) by extension 'ros'
[0.377s] Level 1:colcon.colcon_core.package_identification:_identify(simulation/model) by extensions ['cmake', 'python']
[0.377s] Level 1:colcon.colcon_core.package_identification:_identify(simulation/model) by extension 'cmake'
[0.377s] Level 1:colcon.colcon_core.package_identification:_identify(simulation/model) by extension 'python'
[0.377s] Level 1:colcon.colcon_core.package_identification:_identify(simulation/model) by extensions ['python_setup_py']
[0.377s] Level 1:colcon.colcon_core.package_identification:_identify(simulation/model) by extension 'python_setup_py'
[0.378s] Level 1:colcon.colcon_core.package_identification:_identify(simulation/model/my_map) by extensions ['ignore', 'ignore_ament_install']
[0.378s] Level 1:colcon.colcon_core.package_identification:_identify(simulation/model/my_map) by extension 'ignore'
[0.378s] Level 1:colcon.colcon_core.package_identification:_identify(simulation/model/my_map) by extension 'ignore_ament_install'
[0.378s] Level 1:colcon.colcon_core.package_identification:_identify(simulation/model/my_map) by extensions ['colcon_pkg']
[0.378s] Level 1:colcon.colcon_core.package_identification:_identify(simulation/model/my_map) by extension 'colcon_pkg'
[0.378s] Level 1:colcon.colcon_core.package_identification:_identify(simulation/model/my_map) by extensions ['colcon_meta']
[0.378s] Level 1:colcon.colcon_core.package_identification:_identify(simulation/model/my_map) by extension 'colcon_meta'
[0.378s] Level 1:colcon.colcon_core.package_identification:_identify(simulation/model/my_map) by extensions ['ros']
[0.378s] Level 1:colcon.colcon_core.package_identification:_identify(simulation/model/my_map) by extension 'ros'
[0.378s] Level 1:colcon.colcon_core.package_identification:_identify(simulation/model/my_map) by extensions ['cmake', 'python']
[0.378s] Level 1:colcon.colcon_core.package_identification:_identify(simulation/model/my_map) by extension 'cmake'
[0.378s] Level 1:colcon.colcon_core.package_identification:_identify(simulation/model/my_map) by extension 'python'
[0.378s] Level 1:colcon.colcon_core.package_identification:_identify(simulation/model/my_map) by extensions ['python_setup_py']
[0.379s] Level 1:colcon.colcon_core.package_identification:_identify(simulation/model/my_map) by extension 'python_setup_py'
[0.379s] Level 1:colcon.colcon_core.package_identification:_identify(simulation/model/my_map/meshes) by extensions ['ignore', 'ignore_ament_install']
[0.379s] Level 1:colcon.colcon_core.package_identification:_identify(simulation/model/my_map/meshes) by extension 'ignore'
[0.379s] Level 1:colcon.colcon_core.package_identification:_identify(simulation/model/my_map/meshes) by extension 'ignore_ament_install'
[0.379s] Level 1:colcon.colcon_core.package_identification:_identify(simulation/model/my_map/meshes) by extensions ['colcon_pkg']
[0.379s] Level 1:colcon.colcon_core.package_identification:_identify(simulation/model/my_map/meshes) by extension 'colcon_pkg'
[0.379s] Level 1:colcon.colcon_core.package_identification:_identify(simulation/model/my_map/meshes) by extensions ['colcon_meta']
[0.379s] Level 1:colcon.colcon_core.package_identification:_identify(simulation/model/my_map/meshes) by extension 'colcon_meta'
[0.379s] Level 1:colcon.colcon_core.package_identification:_identify(simulation/model/my_map/meshes) by extensions ['ros']
[0.379s] Level 1:colcon.colcon_core.package_identification:_identify(simulation/model/my_map/meshes) by extension 'ros'
[0.379s] Level 1:colcon.colcon_core.package_identification:_identify(simulation/model/my_map/meshes) by extensions ['cmake', 'python']
[0.379s] Level 1:colcon.colcon_core.package_identification:_identify(simulation/model/my_map/meshes) by extension 'cmake'
[0.379s] Level 1:colcon.colcon_core.package_identification:_identify(simulation/model/my_map/meshes) by extension 'python'
[0.379s] Level 1:colcon.colcon_core.package_identification:_identify(simulation/model/my_map/meshes) by extensions ['python_setup_py']
[0.380s] Level 1:colcon.colcon_core.package_identification:_identify(simulation/model/my_map/meshes) by extension 'python_setup_py'
[0.380s] Level 1:colcon.colcon_core.package_identification:_identify(simulation/urdf) by extensions ['ignore', 'ignore_ament_install']
[0.380s] Level 1:colcon.colcon_core.package_identification:_identify(simulation/urdf) by extension 'ignore'
[0.380s] Level 1:colcon.colcon_core.package_identification:_identify(simulation/urdf) by extension 'ignore_ament_install'
[0.380s] Level 1:colcon.colcon_core.package_identification:_identify(simulation/urdf) by extensions ['colcon_pkg']
[0.380s] Level 1:colcon.colcon_core.package_identification:_identify(simulation/urdf) by extension 'colcon_pkg'
[0.380s] Level 1:colcon.colcon_core.package_identification:_identify(simulation/urdf) by extensions ['colcon_meta']
[0.380s] Level 1:colcon.colcon_core.package_identification:_identify(simulation/urdf) by extension 'colcon_meta'
[0.380s] Level 1:colcon.colcon_core.package_identification:_identify(simulation/urdf) by extensions ['ros']
[0.380s] Level 1:colcon.colcon_core.package_identification:_identify(simulation/urdf) by extension 'ros'
[0.380s] Level 1:colcon.colcon_core.package_identification:_identify(simulation/urdf) by extensions ['cmake', 'python']
[0.380s] Level 1:colcon.colcon_core.package_identification:_identify(simulation/urdf) by extension 'cmake'
[0.380s] Level 1:colcon.colcon_core.package_identification:_identify(simulation/urdf) by extension 'python'
[0.380s] Level 1:colcon.colcon_core.package_identification:_identify(simulation/urdf) by extensions ['python_setup_py']
[0.380s] Level 1:colcon.colcon_core.package_identification:_identify(simulation/urdf) by extension 'python_setup_py'
[0.380s] Level 1:colcon.colcon_core.package_identification:_identify(simulation/world) by extensions ['ignore', 'ignore_ament_install']
[0.380s] Level 1:colcon.colcon_core.package_identification:_identify(simulation/world) by extension 'ignore'
[0.380s] Level 1:colcon.colcon_core.package_identification:_identify(simulation/world) by extension 'ignore_ament_install'
[0.380s] Level 1:colcon.colcon_core.package_identification:_identify(simulation/world) by extensions ['colcon_pkg']
[0.380s] Level 1:colcon.colcon_core.package_identification:_identify(simulation/world) by extension 'colcon_pkg'
[0.381s] Level 1:colcon.colcon_core.package_identification:_identify(simulation/world) by extensions ['colcon_meta']
[0.381s] Level 1:colcon.colcon_core.package_identification:_identify(simulation/world) by extension 'colcon_meta'
[0.381s] Level 1:colcon.colcon_core.package_identification:_identify(simulation/world) by extensions ['ros']
[0.381s] Level 1:colcon.colcon_core.package_identification:_identify(simulation/world) by extension 'ros'
[0.381s] Level 1:colcon.colcon_core.package_identification:_identify(simulation/world) by extensions ['cmake', 'python']
[0.381s] Level 1:colcon.colcon_core.package_identification:_identify(simulation/world) by extension 'cmake'
[0.381s] Level 1:colcon.colcon_core.package_identification:_identify(simulation/world) by extension 'python'
[0.381s] Level 1:colcon.colcon_core.package_identification:_identify(simulation/world) by extensions ['python_setup_py']
[0.381s] Level 1:colcon.colcon_core.package_identification:_identify(simulation/world) by extension 'python_setup_py'
[0.381s] Level 1:colcon.colcon_core.package_identification:_identify(src) by extensions ['ignore', 'ignore_ament_install']
[0.381s] Level 1:colcon.colcon_core.package_identification:_identify(src) by extension 'ignore'
[0.382s] Level 1:colcon.colcon_core.package_identification:_identify(src) by extension 'ignore_ament_install'
[0.382s] Level 1:colcon.colcon_core.package_identification:_identify(src) by extensions ['colcon_pkg']
[0.382s] Level 1:colcon.colcon_core.package_identification:_identify(src) by extension 'colcon_pkg'
[0.382s] Level 1:colcon.colcon_core.package_identification:_identify(src) by extensions ['colcon_meta']
[0.382s] Level 1:colcon.colcon_core.package_identification:_identify(src) by extension 'colcon_meta'
[0.382s] Level 1:colcon.colcon_core.package_identification:_identify(src) by extensions ['ros']
[0.382s] Level 1:colcon.colcon_core.package_identification:_identify(src) by extension 'ros'
[0.382s] Level 1:colcon.colcon_core.package_identification:_identify(src) by extensions ['cmake', 'python']
[0.382s] Level 1:colcon.colcon_core.package_identification:_identify(src) by extension 'cmake'
[0.382s] Level 1:colcon.colcon_core.package_identification:_identify(src) by extension 'python'
[0.382s] Level 1:colcon.colcon_core.package_identification:_identify(src) by extensions ['python_setup_py']
[0.382s] Level 1:colcon.colcon_core.package_identification:_identify(src) by extension 'python_setup_py'
[0.383s] Level 1:colcon.colcon_core.package_identification:_identify(src/return_to_cell) by extensions ['ignore', 'ignore_ament_install']
[0.383s] Level 1:colcon.colcon_core.package_identification:_identify(src/return_to_cell) by extension 'ignore'
[0.383s] Level 1:colcon.colcon_core.package_identification:_identify(src/return_to_cell) by extension 'ignore_ament_install'
[0.383s] Level 1:colcon.colcon_core.package_identification:_identify(src/return_to_cell) by extensions ['colcon_pkg']
[0.383s] Level 1:colcon.colcon_core.package_identification:_identify(src/return_to_cell) by extension 'colcon_pkg'
[0.383s] Level 1:colcon.colcon_core.package_identification:_identify(src/return_to_cell) by extensions ['colcon_meta']
[0.383s] Level 1:colcon.colcon_core.package_identification:_identify(src/return_to_cell) by extension 'colcon_meta'
[0.383s] Level 1:colcon.colcon_core.package_identification:_identify(src/return_to_cell) by extensions ['ros']
[0.383s] Level 1:colcon.colcon_core.package_identification:_identify(src/return_to_cell) by extension 'ros'
[0.384s] Level 1:colcon.colcon_core.package_identification:_identify(src/return_to_cell) by extensions ['cmake', 'python']
[0.384s] Level 1:colcon.colcon_core.package_identification:_identify(src/return_to_cell) by extension 'cmake'
[0.384s] Level 1:colcon.colcon_core.package_identification:_identify(src/return_to_cell) by extension 'python'
[0.384s] Level 1:colcon.colcon_core.package_identification:_identify(src/return_to_cell) by extensions ['python_setup_py']
[0.384s] Level 1:colcon.colcon_core.package_identification:_identify(src/return_to_cell) by extension 'python_setup_py'
[0.384s] Level 1:colcon.colcon_core.package_identification:_identify(src/vision_tape_detector) by extensions ['ignore', 'ignore_ament_install']
[0.384s] Level 1:colcon.colcon_core.package_identification:_identify(src/vision_tape_detector) by extension 'ignore'
[0.384s] Level 1:colcon.colcon_core.package_identification:_identify(src/vision_tape_detector) by extension 'ignore_ament_install'
[0.384s] Level 1:colcon.colcon_core.package_identification:_identify(src/vision_tape_detector) by extensions ['colcon_pkg']
[0.384s] Level 1:colcon.colcon_core.package_identification:_identify(src/vision_tape_detector) by extension 'colcon_pkg'
[0.384s] Level 1:colcon.colcon_core.package_identification:_identify(src/vision_tape_detector) by extensions ['colcon_meta']
[0.384s] Level 1:colcon.colcon_core.package_identification:_identify(src/vision_tape_detector) by extension 'colcon_meta'
[0.384s] Level 1:colcon.colcon_core.package_identification:_identify(src/vision_tape_detector) by extensions ['ros']
[0.384s] Level 1:colcon.colcon_core.package_identification:_identify(src/vision_tape_detector) by extension 'ros'
[0.384s] Level 1:colcon.colcon_core.package_identification:_identify(src/vision_tape_detector) by extensions ['cmake', 'python']
[0.384s] Level 1:colcon.colcon_core.package_identification:_identify(src/vision_tape_detector) by extension 'cmake'
[0.384s] Level 1:colcon.colcon_core.package_identification:_identify(src/vision_tape_detector) by extension 'python'
[0.385s] Level 1:colcon.colcon_core.package_identification:_identify(src/vision_tape_detector) by extensions ['python_setup_py']
[0.385s] Level 1:colcon.colcon_core.package_identification:_identify(src/vision_tape_detector) by extension 'python_setup_py'
[0.385s] Level 1:colcon.colcon_core.package_discovery:discover_packages(recursive) using defaults
[0.385s] Level 1:colcon.colcon_core.package_discovery:discover_packages(ignore) discover
[0.385s] Level 1:colcon.colcon_core.package_discovery:discover_packages(ignore) using defaults
[0.385s] Level 1:colcon.colcon_core.package_discovery:discover_packages(path) discover
[0.385s] Level 1:colcon.colcon_core.package_discovery:discover_packages(path) using defaults
[0.424s] Level 1:colcon.colcon_core.package_discovery:discover_packages(prefix_path) check parameters
[0.425s] Level 1:colcon.colcon_core.package_discovery:discover_packages(prefix_path) discover
[0.427s] DEBUG:colcon.colcon_installed_package_information.package_discovery:Found 1 installed packages in /home/sam/MR_Project/install
[0.428s] DEBUG:colcon.colcon_installed_package_information.package_discovery:Found 393 installed packages in /opt/ros/humble
[0.430s] Level 1:colcon.colcon_core.package_discovery:discover_packages(prefix_path) using defaults
[0.485s] INFO:colcon.colcon_core.executor:Executing jobs using 'parallel' executor
[0.487s] DEBUG:colcon.colcon_parallel_executor.executor.parallel:run_until_complete
[0.487s] DEBUG:colcon.colcon_parallel_executor.executor.parallel:closing loop
[0.487s] DEBUG:colcon.colcon_parallel_executor.executor.parallel:loop closed
[0.487s] DEBUG:colcon.colcon_parallel_executor.executor.parallel:run_until_complete finished with '0'
[0.487s] DEBUG:colcon.colcon_core.event_reactor:joining thread
[0.492s] INFO:colcon.colcon_core.plugin_system:Skipping extension 'colcon_notification.desktop_notification.terminal_notifier': Not used on non-Darwin systems
[0.494s] INFO:colcon.colcon_core.plugin_system:Skipping extension 'colcon_notification.desktop_notification.win32': Not used on non-Windows systems
[0.494s] INFO:colcon.colcon_notification.desktop_notification:Sending desktop notification using 'notify2'
[0.512s] DEBUG:colcon.colcon_core.event_reactor:joined thread
[0.514s] INFO:colcon.colcon_core.plugin_system:Skipping extension 'colcon_core.shell.bat': Not used on non-Windows systems
[0.519s] INFO:colcon.colcon_core.shell:Creating prefix script '/home/sam/MR_Project/install/local_setup.ps1'
[0.521s] INFO:colcon.colcon_core.shell:Creating prefix util module '/home/sam/MR_Project/install/_local_setup_util_ps1.py'
[0.522s] INFO:colcon.colcon_core.shell:Creating prefix chain script '/home/sam/MR_Project/install/setup.ps1'
[0.524s] INFO:colcon.colcon_core.shell:Creating prefix script '/home/sam/MR_Project/install/local_setup.sh'
[0.525s] INFO:colcon.colcon_core.shell:Creating prefix util module '/home/sam/MR_Project/install/_local_setup_util_sh.py'
[0.526s] INFO:colcon.colcon_core.shell:Creating prefix chain script '/home/sam/MR_Project/install/setup.sh'
[0.529s] INFO:colcon.colcon_core.shell:Creating prefix script '/home/sam/MR_Project/install/local_setup.bash'
[0.530s] INFO:colcon.colcon_core.shell:Creating prefix chain script '/home/sam/MR_Project/install/setup.bash'
[0.532s] INFO:colcon.colcon_core.shell:Creating prefix script '/home/sam/MR_Project/install/local_setup.zsh'
[0.533s] INFO:colcon.colcon_core.shell:Creating prefix chain script '/home/sam/MR_Project/install/setup.zsh'
