[0.107s] DEBUG:colcon:Command line arguments: ['/usr/bin/colcon', 'build', '--symlink-install']
[0.107s] DEBUG:colcon:Parsed command line arguments: Namespace(log_base=None, log_level=None, verb_name='build', build_base='build', install_base='install', merge_install=False, symlink_install=True, test_result_base=None, continue_on_error=False, executor='parallel', parallel_workers=6, event_handlers=None, ignore_user_meta=False, metas=['./colcon.meta'], base_paths=['.'], packages_ignore=None, packages_ignore_regex=None, paths=None, packages_up_to=None, packages_up_to_regex=None, packages_above=None, packages_above_and_dependencies=None, packages_above_depth=None, packages_select_by_dep=None, packages_skip_by_dep=None, packages_skip_up_to=None, packages_select_build_failed=False, packages_skip_build_finished=False, packages_select_test_failures=False, packages_skip_test_passed=False, packages_select=None, packages_skip=None, packages_select_regex=None, packages_skip_regex=None, packages_start=None, packages_end=None, allow_overriding=[], cmake_args=None, cmake_target=None, cmake_target_skip_unavailable=False, cmake_clean_cache=False, cmake_clean_first=False, cmake_force_configure=False, ament_cmake_args=None, catkin_cmake_args=None, catkin_skip_building_tests=False, mixin_files=None, mixin=None, verb_parser=<colcon_mixin.mixin.mixin_argument.MixinArgumentDecorator object at 0x7b8ded741ea0>, verb_extension=<colcon_core.verb.build.BuildVerb object at 0x7b8ded84ee60>, main=<bound method BuildVerb.main of <colcon_core.verb.build.BuildVerb object at 0x7b8ded84ee60>>, mixin_verb=('build',))
[0.272s] Level 1:colcon.colcon_core.package_discovery:discover_packages(colcon_meta) check parameters
[0.273s] Level 1:colcon.colcon_core.package_discovery:discover_packages(recursive) check parameters
[0.273s] Level 1:colcon.colcon_core.package_discovery:discover_packages(ignore) check parameters
[0.273s] Level 1:colcon.colcon_core.package_discovery:discover_packages(path) check parameters
[0.273s] Level 1:colcon.colcon_core.package_discovery:discover_packages(colcon_meta) discover
[0.273s] Level 1:colcon.colcon_core.package_discovery:discover_packages(recursive) discover
[0.273s] INFO:colcon.colcon_core.package_discovery:Crawling recursively for packages in '/home/sam/MR_Project/install/my_simulation_pkg/share'
[0.273s] Level 1:colcon.colcon_core.package_identification:_identify(.) by extensions ['ignore', 'ignore_ament_install']
[0.273s] Level 1:colcon.colcon_core.package_identification:_identify(.) by extension 'ignore'
[0.273s] Level 1:colcon.colcon_core.package_identification:_identify(.) by extension 'ignore_ament_install'
[0.273s] Level 1:colcon.colcon_core.package_identification:_identify(.) by extensions ['colcon_pkg']
[0.273s] Level 1:colcon.colcon_core.package_identification:_identify(.) by extension 'colcon_pkg'
[0.273s] Level 1:colcon.colcon_core.package_identification:_identify(.) by extensions ['colcon_meta']
[0.273s] Level 1:colcon.colcon_core.package_identification:_identify(.) by extension 'colcon_meta'
[0.273s] Level 1:colcon.colcon_core.package_identification:_identify(.) by extensions ['ros']
[0.273s] Level 1:colcon.colcon_core.package_identification:_identify(.) by extension 'ros'
[0.284s] Level 1:colcon.colcon_core.package_identification:_identify(.) by extensions ['cmake', 'python']
[0.284s] Level 1:colcon.colcon_core.package_identification:_identify(.) by extension 'cmake'
[0.284s] Level 1:colcon.colcon_core.package_identification:_identify(.) by extension 'python'
[0.285s] Level 1:colcon.colcon_core.package_identification:_identify(.) by extensions ['python_setup_py']
[0.285s] Level 1:colcon.colcon_core.package_identification:_identify(.) by extension 'python_setup_py'
[0.285s] Level 1:colcon.colcon_core.package_identification:_identify(ament_index) by extensions ['ignore', 'ignore_ament_install']
[0.285s] Level 1:colcon.colcon_core.package_identification:_identify(ament_index) by extension 'ignore'
[0.285s] Level 1:colcon.colcon_core.package_identification:_identify(ament_index) by extension 'ignore_ament_install'
[0.285s] Level 1:colcon.colcon_core.package_identification:_identify(ament_index) by extensions ['colcon_pkg']
[0.285s] Level 1:colcon.colcon_core.package_identification:_identify(ament_index) by extension 'colcon_pkg'
[0.285s] Level 1:colcon.colcon_core.package_identification:_identify(ament_index) by extensions ['colcon_meta']
[0.285s] Level 1:colcon.colcon_core.package_identification:_identify(ament_index) by extension 'colcon_meta'
[0.285s] Level 1:colcon.colcon_core.package_identification:_identify(ament_index) by extensions ['ros']
[0.285s] Level 1:colcon.colcon_core.package_identification:_identify(ament_index) by extension 'ros'
[0.285s] Level 1:colcon.colcon_core.package_identification:_identify(ament_index) by extensions ['cmake', 'python']
[0.285s] Level 1:colcon.colcon_core.package_identification:_identify(ament_index) by extension 'cmake'
[0.285s] Level 1:colcon.colcon_core.package_identification:_identify(ament_index) by extension 'python'
[0.285s] Level 1:colcon.colcon_core.package_identification:_identify(ament_index) by extensions ['python_setup_py']
[0.285s] Level 1:colcon.colcon_core.package_identification:_identify(ament_index) by extension 'python_setup_py'
[0.286s] Level 1:colcon.colcon_core.package_identification:_identify(ament_index/resource_index) by extensions ['ignore', 'ignore_ament_install']
[0.286s] Level 1:colcon.colcon_core.package_identification:_identify(ament_index/resource_index) by extension 'ignore'
[0.286s] Level 1:colcon.colcon_core.package_identification:_identify(ament_index/resource_index) by extension 'ignore_ament_install'
[0.286s] Level 1:colcon.colcon_core.package_identification:_identify(ament_index/resource_index) by extensions ['colcon_pkg']
[0.286s] Level 1:colcon.colcon_core.package_identification:_identify(ament_index/resource_index) by extension 'colcon_pkg'
[0.286s] Level 1:colcon.colcon_core.package_identification:_identify(ament_index/resource_index) by extensions ['colcon_meta']
[0.286s] Level 1:colcon.colcon_core.package_identification:_identify(ament_index/resource_index) by extension 'colcon_meta'
[0.286s] Level 1:colcon.colcon_core.package_identification:_identify(ament_index/resource_index) by extensions ['ros']
[0.286s] Level 1:colcon.colcon_core.package_identification:_identify(ament_index/resource_index) by extension 'ros'
[0.286s] Level 1:colcon.colcon_core.package_identification:_identify(ament_index/resource_index) by extensions ['cmake', 'python']
[0.286s] Level 1:colcon.colcon_core.package_identification:_identify(ament_index/resource_index) by extension 'cmake'
[0.286s] Level 1:colcon.colcon_core.package_identification:_identify(ament_index/resource_index) by extension 'python'
[0.286s] Level 1:colcon.colcon_core.package_identification:_identify(ament_index/resource_index) by extensions ['python_setup_py']
[0.286s] Level 1:colcon.colcon_core.package_identification:_identify(ament_index/resource_index) by extension 'python_setup_py'
[0.286s] Level 1:colcon.colcon_core.package_identification:_identify(ament_index/resource_index/packages) by extensions ['ignore', 'ignore_ament_install']
[0.286s] Level 1:colcon.colcon_core.package_identification:_identify(ament_index/resource_index/packages) by extension 'ignore'
[0.287s] Level 1:colcon.colcon_core.package_identification:_identify(ament_index/resource_index/packages) by extension 'ignore_ament_install'
[0.287s] Level 1:colcon.colcon_core.package_identification:_identify(ament_index/resource_index/packages) by extensions ['colcon_pkg']
[0.287s] Level 1:colcon.colcon_core.package_identification:_identify(ament_index/resource_index/packages) by extension 'colcon_pkg'
[0.287s] Level 1:colcon.colcon_core.package_identification:_identify(ament_index/resource_index/packages) by extensions ['colcon_meta']
[0.287s] Level 1:colcon.colcon_core.package_identification:_identify(ament_index/resource_index/packages) by extension 'colcon_meta'
[0.287s] Level 1:colcon.colcon_core.package_identification:_identify(ament_index/resource_index/packages) by extensions ['ros']
[0.287s] Level 1:colcon.colcon_core.package_identification:_identify(ament_index/resource_index/packages) by extension 'ros'
[0.287s] Level 1:colcon.colcon_core.package_identification:_identify(ament_index/resource_index/packages) by extensions ['cmake', 'python']
[0.287s] Level 1:colcon.colcon_core.package_identification:_identify(ament_index/resource_index/packages) by extension 'cmake'
[0.287s] Level 1:colcon.colcon_core.package_identification:_identify(ament_index/resource_index/packages) by extension 'python'
[0.287s] Level 1:colcon.colcon_core.package_identification:_identify(ament_index/resource_index/packages) by extensions ['python_setup_py']
[0.287s] Level 1:colcon.colcon_core.package_identification:_identify(ament_index/resource_index/packages) by extension 'python_setup_py'
[0.287s] Level 1:colcon.colcon_core.package_identification:_identify(build) by extensions ['ignore', 'ignore_ament_install']
[0.287s] Level 1:colcon.colcon_core.package_identification:_identify(build) by extension 'ignore'
[0.287s] Level 1:colcon.colcon_core.package_identification:_identify(build) ignored
[0.287s] Level 1:colcon.colcon_core.package_identification:_identify(colcon-core) by extensions ['ignore', 'ignore_ament_install']
[0.287s] Level 1:colcon.colcon_core.package_identification:_identify(colcon-core) by extension 'ignore'
[0.287s] Level 1:colcon.colcon_core.package_identification:_identify(colcon-core) by extension 'ignore_ament_install'
[0.288s] Level 1:colcon.colcon_core.package_identification:_identify(colcon-core) by extensions ['colcon_pkg']
[0.288s] Level 1:colcon.colcon_core.package_identification:_identify(colcon-core) by extension 'colcon_pkg'
[0.288s] Level 1:colcon.colcon_core.package_identification:_identify(colcon-core) by extensions ['colcon_meta']
[0.288s] Level 1:colcon.colcon_core.package_identification:_identify(colcon-core) by extension 'colcon_meta'
[0.288s] Level 1:colcon.colcon_core.package_identification:_identify(colcon-core) by extensions ['ros']
[0.288s] Level 1:colcon.colcon_core.package_identification:_identify(colcon-core) by extension 'ros'
[0.288s] Level 1:colcon.colcon_core.package_identification:_identify(colcon-core) by extensions ['cmake', 'python']
[0.288s] Level 1:colcon.colcon_core.package_identification:_identify(colcon-core) by extension 'cmake'
[0.288s] Level 1:colcon.colcon_core.package_identification:_identify(colcon-core) by extension 'python'
[0.288s] Level 1:colcon.colcon_core.package_identification:_identify(colcon-core) by extensions ['python_setup_py']
[0.288s] Level 1:colcon.colcon_core.package_identification:_identify(colcon-core) by extension 'python_setup_py'
[0.288s] Level 1:colcon.colcon_core.package_identification:_identify(colcon-core/packages) by extensions ['ignore', 'ignore_ament_install']
[0.288s] Level 1:colcon.colcon_core.package_identification:_identify(colcon-core/packages) by extension 'ignore'
[0.288s] Level 1:colcon.colcon_core.package_identification:_identify(colcon-core/packages) by extension 'ignore_ament_install'
[0.288s] Level 1:colcon.colcon_core.package_identification:_identify(colcon-core/packages) by extensions ['colcon_pkg']
[0.288s] Level 1:colcon.colcon_core.package_identification:_identify(colcon-core/packages) by extension 'colcon_pkg'
[0.288s] Level 1:colcon.colcon_core.package_identification:_identify(colcon-core/packages) by extensions ['colcon_meta']
[0.288s] Level 1:colcon.colcon_core.package_identification:_identify(colcon-core/packages) by extension 'colcon_meta'
[0.288s] Level 1:colcon.colcon_core.package_identification:_identify(colcon-core/packages) by extensions ['ros']
[0.288s] Level 1:colcon.colcon_core.package_identification:_identify(colcon-core/packages) by extension 'ros'
[0.289s] Level 1:colcon.colcon_core.package_identification:_identify(colcon-core/packages) by extensions ['cmake', 'python']
[0.289s] Level 1:colcon.colcon_core.package_identification:_identify(colcon-core/packages) by extension 'cmake'
[0.289s] Level 1:colcon.colcon_core.package_identification:_identify(colcon-core/packages) by extension 'python'
[0.289s] Level 1:colcon.colcon_core.package_identification:_identify(colcon-core/packages) by extensions ['python_setup_py']
[0.289s] Level 1:colcon.colcon_core.package_identification:_identify(colcon-core/packages) by extension 'python_setup_py'
[0.289s] Level 1:colcon.colcon_core.package_identification:_identify(install) by extensions ['ignore', 'ignore_ament_install']
[0.289s] Level 1:colcon.colcon_core.package_identification:_identify(install) by extension 'ignore'
[0.289s] Level 1:colcon.colcon_core.package_identification:_identify(install) ignored
[0.290s] Level 1:colcon.colcon_core.package_identification:_identify(log) by extensions ['ignore', 'ignore_ament_install']
[0.290s] Level 1:colcon.colcon_core.package_identification:_identify(log) by extension 'ignore'
[0.290s] Level 1:colcon.colcon_core.package_identification:_identify(log) ignored
[0.290s] Level 1:colcon.colcon_core.package_identification:_identify(my_simulation_pkg) by extensions ['ignore', 'ignore_ament_install']
[0.290s] Level 1:colcon.colcon_core.package_identification:_identify(my_simulation_pkg) by extension 'ignore'
[0.290s] Level 1:colcon.colcon_core.package_identification:_identify(my_simulation_pkg) by extension 'ignore_ament_install'
[0.290s] Level 1:colcon.colcon_core.package_identification:_identify(my_simulation_pkg) by extensions ['colcon_pkg']
[0.290s] Level 1:colcon.colcon_core.package_identification:_identify(my_simulation_pkg) by extension 'colcon_pkg'
[0.290s] Level 1:colcon.colcon_core.package_identification:_identify(my_simulation_pkg) by extensions ['colcon_meta']
[0.290s] Level 1:colcon.colcon_core.package_identification:_identify(my_simulation_pkg) by extension 'colcon_meta'
[0.290s] Level 1:colcon.colcon_core.package_identification:_identify(my_simulation_pkg) by extensions ['ros']
[0.290s] Level 1:colcon.colcon_core.package_identification:_identify(my_simulation_pkg) by extension 'ros'
[0.293s] DEBUG:colcon.colcon_core.package_identification:Package 'my_simulation_pkg' with type 'ros.ament_python' and name 'my_simulation_pkg'
[0.293s] Level 1:colcon.colcon_core.package_discovery:discover_packages(recursive) using defaults
[0.294s] Level 1:colcon.colcon_core.package_discovery:discover_packages(ignore) discover
[0.294s] Level 1:colcon.colcon_core.package_discovery:discover_packages(ignore) using defaults
[0.294s] Level 1:colcon.colcon_core.package_discovery:discover_packages(path) discover
[0.294s] Level 1:colcon.colcon_core.package_discovery:discover_packages(path) using defaults
[0.325s] Level 1:colcon.colcon_core.package_discovery:discover_packages(prefix_path) check parameters
[0.325s] Level 1:colcon.colcon_core.package_discovery:discover_packages(prefix_path) discover
[0.327s] DEBUG:colcon.colcon_installed_package_information.package_discovery:Found 1 installed packages in /home/sam/MR_Project/install
[0.328s] DEBUG:colcon.colcon_installed_package_information.package_discovery:Found 393 installed packages in /opt/ros/humble
[0.330s] Level 1:colcon.colcon_core.package_discovery:discover_packages(prefix_path) using defaults
[0.372s] Level 5:colcon.colcon_core.verb:set package 'my_simulation_pkg' build argument 'cmake_args' from command line to 'None'
[0.372s] Level 5:colcon.colcon_core.verb:set package 'my_simulation_pkg' build argument 'cmake_target' from command line to 'None'
[0.372s] Level 5:colcon.colcon_core.verb:set package 'my_simulation_pkg' build argument 'cmake_target_skip_unavailable' from command line to 'False'
[0.372s] Level 5:colcon.colcon_core.verb:set package 'my_simulation_pkg' build argument 'cmake_clean_cache' from command line to 'False'
[0.372s] Level 5:colcon.colcon_core.verb:set package 'my_simulation_pkg' build argument 'cmake_clean_first' from command line to 'False'
[0.372s] Level 5:colcon.colcon_core.verb:set package 'my_simulation_pkg' build argument 'cmake_force_configure' from command line to 'False'
[0.372s] Level 5:colcon.colcon_core.verb:set package 'my_simulation_pkg' build argument 'ament_cmake_args' from command line to 'None'
[0.372s] Level 5:colcon.colcon_core.verb:set package 'my_simulation_pkg' build argument 'catkin_cmake_args' from command line to 'None'
[0.372s] Level 5:colcon.colcon_core.verb:set package 'my_simulation_pkg' build argument 'catkin_skip_building_tests' from command line to 'False'
[0.372s] DEBUG:colcon.colcon_core.verb:Building package 'my_simulation_pkg' with the following arguments: {'ament_cmake_args': None, 'build_base': '/home/sam/MR_Project/install/my_simulation_pkg/share/build/my_simulation_pkg', 'catkin_cmake_args': None, 'catkin_skip_building_tests': False, 'cmake_args': None, 'cmake_clean_cache': False, 'cmake_clean_first': False, 'cmake_force_configure': False, 'cmake_target': None, 'cmake_target_skip_unavailable': False, 'install_base': '/home/sam/MR_Project/install/my_simulation_pkg/share/install/my_simulation_pkg', 'merge_install': False, 'path': '/home/sam/MR_Project/install/my_simulation_pkg/share/my_simulation_pkg', 'symlink_install': True, 'test_result_base': None}
[0.372s] INFO:colcon.colcon_core.executor:Executing jobs using 'parallel' executor
[0.378s] DEBUG:colcon.colcon_parallel_executor.executor.parallel:run_until_complete
[0.379s] INFO:colcon.colcon_ros.task.ament_python.build:Building ROS package in '/home/sam/MR_Project/install/my_simulation_pkg/share/my_simulation_pkg' with build type 'ament_python'
[0.380s] Level 1:colcon.colcon_core.shell:create_environment_hook('my_simulation_pkg', 'ament_prefix_path')
[0.382s] INFO:colcon.colcon_core.plugin_system:Skipping extension 'colcon_core.shell.bat': Not used on non-Windows systems
[0.382s] INFO:colcon.colcon_core.shell:Creating environment hook '/home/sam/MR_Project/install/my_simulation_pkg/share/install/my_simulation_pkg/share/my_simulation_pkg/hook/ament_prefix_path.ps1'
[0.383s] INFO:colcon.colcon_core.shell:Creating environment descriptor '/home/sam/MR_Project/install/my_simulation_pkg/share/install/my_simulation_pkg/share/my_simulation_pkg/hook/ament_prefix_path.dsv'
[0.383s] INFO:colcon.colcon_core.shell:Creating environment hook '/home/sam/MR_Project/install/my_simulation_pkg/share/install/my_simulation_pkg/share/my_simulation_pkg/hook/ament_prefix_path.sh'
[0.384s] INFO:colcon.colcon_core.shell:Skip shell extension 'powershell' for command environment: Not usable outside of PowerShell
[0.384s] DEBUG:colcon.colcon_core.shell:Skip shell extension 'dsv' for command environment
[0.392s] WARNING:colcon.colcon_ros.task.ament_python.build:Package 'my_simulation_pkg' doesn't explicitly install a marker in the package index (colcon-ros currently does it implicitly but that fallback will be removed in the future)
[0.392s] WARNING:colcon.colcon_ros.task.ament_python.build:Package 'my_simulation_pkg' doesn't explicitly install the 'package.xml' file (colcon-ros currently does it implicitly but that fallback will be removed in the future)
[0.395s] INFO:colcon.colcon_core.task.python.build:Building Python package in '/home/sam/MR_Project/install/my_simulation_pkg/share/my_simulation_pkg'
[0.395s] INFO:colcon.colcon_core.shell:Skip shell extension 'powershell' for command environment: Not usable outside of PowerShell
[0.395s] DEBUG:colcon.colcon_core.shell:Skip shell extension 'dsv' for command environment
[0.470s] DEBUG:colcon.colcon_parallel_executor.executor.parallel:closing loop
[0.471s] DEBUG:colcon.colcon_parallel_executor.executor.parallel:loop closed
[0.471s] DEBUG:colcon.colcon_parallel_executor.executor.parallel:run_until_complete finished with 'Expected ['/usr/bin/python3', '-W', 'ignore:setup.py install is deprecated', '-W', 'ignore:easy_install command is deprecated', 'setup.py', '--help-commands'] to pass: /usr/bin/python3: can't open file '/home/sam/MR_Project/install/my_simulation_pkg/share/my_simulation_pkg/setup.py': [Errno 2] No such file or directory
'
[0.471s] DEBUG:colcon.colcon_core.event_reactor:joining thread
[0.478s] INFO:colcon.colcon_core.plugin_system:Skipping extension 'colcon_notification.desktop_notification.terminal_notifier': Not used on non-Darwin systems
[0.478s] INFO:colcon.colcon_core.plugin_system:Skipping extension 'colcon_notification.desktop_notification.win32': Not used on non-Windows systems
[0.478s] INFO:colcon.colcon_notification.desktop_notification:Sending desktop notification using 'notify2'
[0.497s] DEBUG:colcon.colcon_core.event_reactor:joined thread
[0.498s] INFO:colcon.colcon_core.shell:Creating prefix script '/home/sam/MR_Project/install/my_simulation_pkg/share/install/local_setup.ps1'
[0.499s] INFO:colcon.colcon_core.shell:Creating prefix util module '/home/sam/MR_Project/install/my_simulation_pkg/share/install/_local_setup_util_ps1.py'
[0.501s] INFO:colcon.colcon_core.shell:Creating prefix chain script '/home/sam/MR_Project/install/my_simulation_pkg/share/install/setup.ps1'
[0.503s] INFO:colcon.colcon_core.shell:Creating prefix script '/home/sam/MR_Project/install/my_simulation_pkg/share/install/local_setup.sh'
[0.503s] INFO:colcon.colcon_core.shell:Creating prefix util module '/home/sam/MR_Project/install/my_simulation_pkg/share/install/_local_setup_util_sh.py'
[0.506s] INFO:colcon.colcon_core.shell:Creating prefix chain script '/home/sam/MR_Project/install/my_simulation_pkg/share/install/setup.sh'
[0.508s] INFO:colcon.colcon_core.shell:Creating prefix script '/home/sam/MR_Project/install/my_simulation_pkg/share/install/local_setup.bash'
[0.509s] INFO:colcon.colcon_core.shell:Creating prefix chain script '/home/sam/MR_Project/install/my_simulation_pkg/share/install/setup.bash'
[0.510s] INFO:colcon.colcon_core.shell:Creating prefix script '/home/sam/MR_Project/install/my_simulation_pkg/share/install/local_setup.zsh'
[0.510s] INFO:colcon.colcon_core.shell:Creating prefix chain script '/home/sam/MR_Project/install/my_simulation_pkg/share/install/setup.zsh'
